{"/Users/Henrique/Desktop/Pessoal/UniversityExplorer/src/App.tsx": {"path":"/Users/Henrique/Desktop/Pessoal/UniversityExplorer/src/App.tsx","statementMap":{"0":{"start":{"line":10,"column":0},"end":{"line":10,"column":36}},"1":{"start":{"line":13,"column":38},"end":{"line":13,"column":53}},"2":{"start":{"line":15,"column":2},"end":{"line":31,"column":9}},"3":{"start":{"line":17,"column":6},"end":{"line":27,"column":7}},"4":{"start":{"line":18,"column":8},"end":{"line":22,"column":11}},"5":{"start":{"line":24,"column":8},"end":{"line":24,"column":24}},"6":{"start":{"line":26,"column":8},"end":{"line":26,"column":28}},"7":{"start":{"line":30,"column":4},"end":{"line":30,"column":14}},"8":{"start":{"line":33,"column":2},"end":{"line":35,"column":3}},"9":{"start":{"line":34,"column":4},"end":{"line":34,"column":16}},"10":{"start":{"line":37,"column":2},"end":{"line":44,"column":4}}},"fnMap":{"0":{"name":"App","decl":{"start":{"line":12,"column":24},"end":{"line":12,"column":27}},"loc":{"start":{"line":12,"column":30},"end":{"line":45,"column":1}},"line":12},"1":{"name":"(anonymous_1)","decl":{"start":{"line":15,"column":12},"end":{"line":15,"column":13}},"loc":{"start":{"line":15,"column":18},"end":{"line":31,"column":3}},"line":15},"2":{"name":"prepare","decl":{"start":{"line":16,"column":19},"end":{"line":16,"column":26}},"loc":{"start":{"line":16,"column":29},"end":{"line":28,"column":5}},"line":16}},"branchMap":{"0":{"loc":{"start":{"line":33,"column":2},"end":{"line":35,"column":3}},"type":"if","locations":[{"start":{"line":33,"column":2},"end":{"line":35,"column":3}},{"start":{},"end":{}}],"line":33}},"s":{"0":0,"1":0,"2":0,"3":0,"4":0,"5":0,"6":0,"7":0,"8":0,"9":0,"10":0},"f":{"0":0,"1":0,"2":0},"b":{"0":[0,0]}}
,"/Users/Henrique/Desktop/Pessoal/UniversityExplorer/src/index.ts": {"path":"/Users/Henrique/Desktop/Pessoal/UniversityExplorer/src/index.ts","statementMap":{"0":{"start":{"line":8,"column":0},"end":{"line":8,"column":27}}},"fnMap":{},"branchMap":{},"s":{"0":0},"f":{},"b":{}}
,"/Users/Henrique/Desktop/Pessoal/UniversityExplorer/src/api/api.client.ts": {"path":"/Users/Henrique/Desktop/Pessoal/UniversityExplorer/src/api/api.client.ts","statementMap":{"0":{"start":{"line":3,"column":28},"end":{"line":3,"column":61}},"1":{"start":{"line":5,"column":12},"end":{"line":10,"column":2}}},"fnMap":{},"branchMap":{},"s":{"0":0,"1":0},"f":{},"b":{}}
,"/Users/Henrique/Desktop/Pessoal/UniversityExplorer/src/api/university.api.ts": {"path":"/Users/Henrique/Desktop/Pessoal/UniversityExplorer/src/api/university.api.ts","statementMap":{"0":{"start":{"line":4,"column":29},"end":{"line":29,"column":1}},"1":{"start":{"line":6,"column":4},"end":{"line":12,"column":5}},"2":{"start":{"line":7,"column":23},"end":{"line":7,"column":96}},"3":{"start":{"line":8,"column":6},"end":{"line":8,"column":27}},"4":{"start":{"line":10,"column":6},"end":{"line":10,"column":57}},"5":{"start":{"line":11,"column":6},"end":{"line":11,"column":18}},"6":{"start":{"line":16,"column":21},"end":{"line":16,"column":69}},"7":{"start":{"line":17,"column":4},"end":{"line":17,"column":25}},"8":{"start":{"line":21,"column":21},"end":{"line":21,"column":86}},"9":{"start":{"line":22,"column":4},"end":{"line":22,"column":25}},"10":{"start":{"line":26,"column":21},"end":{"line":26,"column":65}},"11":{"start":{"line":27,"column":4},"end":{"line":27,"column":25}}},"fnMap":{"0":{"name":"(anonymous_0)","decl":{"start":{"line":5,"column":19},"end":{"line":5,"column":20}},"loc":{"start":{"line":5,"column":91},"end":{"line":13,"column":3}},"line":5},"1":{"name":"(anonymous_1)","decl":{"start":{"line":15,"column":21},"end":{"line":15,"column":22}},"loc":{"start":{"line":15,"column":64},"end":{"line":18,"column":3}},"line":15},"2":{"name":"(anonymous_2)","decl":{"start":{"line":20,"column":15},"end":{"line":20,"column":16}},"loc":{"start":{"line":20,"column":73},"end":{"line":23,"column":3}},"line":20},"3":{"name":"(anonymous_3)","decl":{"start":{"line":25,"column":19},"end":{"line":25,"column":20}},"loc":{"start":{"line":25,"column":31},"end":{"line":28,"column":3}},"line":25}},"branchMap":{},"s":{"0":0,"1":0,"2":0,"3":0,"4":0,"5":0,"6":0,"7":0,"8":0,"9":0,"10":0,"11":0},"f":{"0":0,"1":0,"2":0,"3":0},"b":{}}
,"/Users/Henrique/Desktop/Pessoal/UniversityExplorer/src/components/Settings/ActionButton.tsx": {"path":"/Users/Henrique/Desktop/Pessoal/UniversityExplorer/src/components/Settings/ActionButton.tsx","statementMap":{"0":{"start":{"line":11,"column":50},"end":{"line":24,"column":1}},"1":{"start":{"line":12,"column":2},"end":{"line":23,"column":4}},"2":{"start":{"line":26,"column":15},"end":{"line":47,"column":2}}},"fnMap":{"0":{"name":"(anonymous_0)","decl":{"start":{"line":11,"column":50},"end":{"line":11,"column":51}},"loc":{"start":{"line":11,"column":66},"end":{"line":24,"column":1}},"line":11}},"branchMap":{},"s":{"0":0,"1":0,"2":0},"f":{"0":0},"b":{}}
,"/Users/Henrique/Desktop/Pessoal/UniversityExplorer/src/components/Settings/SettingSection.tsx": {"path":"/Users/Henrique/Desktop/Pessoal/UniversityExplorer/src/components/Settings/SettingSection.tsx","statementMap":{"0":{"start":{"line":10,"column":54},"end":{"line":17,"column":1}},"1":{"start":{"line":11,"column":2},"end":{"line":16,"column":4}},"2":{"start":{"line":19,"column":15},"end":{"line":30,"column":2}}},"fnMap":{"0":{"name":"(anonymous_0)","decl":{"start":{"line":10,"column":54},"end":{"line":10,"column":55}},"loc":{"start":{"line":10,"column":79},"end":{"line":17,"column":1}},"line":10}},"branchMap":{},"s":{"0":0,"1":0,"2":0},"f":{"0":0},"b":{}}
,"/Users/Henrique/Desktop/Pessoal/UniversityExplorer/src/components/Settings/SettingsHeader.tsx": {"path":"/Users/Henrique/Desktop/Pessoal/UniversityExplorer/src/components/Settings/SettingsHeader.tsx","statementMap":{"0":{"start":{"line":5,"column":33},"end":{"line":11,"column":1}},"1":{"start":{"line":6,"column":2},"end":{"line":10,"column":4}},"2":{"start":{"line":13,"column":15},"end":{"line":23,"column":2}}},"fnMap":{"0":{"name":"(anonymous_0)","decl":{"start":{"line":5,"column":33},"end":{"line":5,"column":34}},"loc":{"start":{"line":5,"column":39},"end":{"line":11,"column":1}},"line":5}},"branchMap":{},"s":{"0":0,"1":0,"2":0},"f":{"0":0},"b":{}}
,"/Users/Henrique/Desktop/Pessoal/UniversityExplorer/src/components/Settings/SwitchSetting.tsx": {"path":"/Users/Henrique/Desktop/Pessoal/UniversityExplorer/src/components/Settings/SwitchSetting.tsx","statementMap":{"0":{"start":{"line":12,"column":52},"end":{"line":34,"column":1}},"1":{"start":{"line":18,"column":2},"end":{"line":33,"column":4}},"2":{"start":{"line":36,"column":15},"end":{"line":62,"column":2}}},"fnMap":{"0":{"name":"(anonymous_0)","decl":{"start":{"line":12,"column":52},"end":{"line":12,"column":53}},"loc":{"start":{"line":17,"column":6},"end":{"line":34,"column":1}},"line":17}},"branchMap":{"0":{"loc":{"start":{"line":22,"column":9},"end":{"line":24,"column":9}},"type":"binary-expr","locations":[{"start":{"line":22,"column":9},"end":{"line":22,"column":20}},{"start":{"line":23,"column":10},"end":{"line":23,"column":70}}],"line":22}},"s":{"0":0,"1":0,"2":0},"f":{"0":0},"b":{"0":[0,0]}}
,"/Users/Henrique/Desktop/Pessoal/UniversityExplorer/src/components/Settings/VersionInfo.tsx": {"path":"/Users/Henrique/Desktop/Pessoal/UniversityExplorer/src/components/Settings/VersionInfo.tsx","statementMap":{"0":{"start":{"line":6,"column":30},"end":{"line":12,"column":1}},"1":{"start":{"line":7,"column":2},"end":{"line":11,"column":4}},"2":{"start":{"line":14,"column":15},"end":{"line":25,"column":2}}},"fnMap":{"0":{"name":"(anonymous_0)","decl":{"start":{"line":6,"column":30},"end":{"line":6,"column":31}},"loc":{"start":{"line":6,"column":36},"end":{"line":12,"column":1}},"line":6}},"branchMap":{},"s":{"0":0,"1":0,"2":0},"f":{"0":0},"b":{}}
,"/Users/Henrique/Desktop/Pessoal/UniversityExplorer/src/components/common/Button.tsx": {"path":"/Users/Henrique/Desktop/Pessoal/UniversityExplorer/src/components/common/Button.tsx","statementMap":{"0":{"start":{"line":25,"column":45},"end":{"line":183,"column":1}},"1":{"start":{"line":37,"column":26},"end":{"line":95,"column":3}},"2":{"start":{"line":38,"column":31},"end":{"line":38,"column":33}},"3":{"start":{"line":40,"column":4},"end":{"line":65,"column":5}},"4":{"start":{"line":42,"column":8},"end":{"line":44,"column":10}},"5":{"start":{"line":45,"column":8},"end":{"line":45,"column":14}},"6":{"start":{"line":47,"column":8},"end":{"line":49,"column":10}},"7":{"start":{"line":50,"column":8},"end":{"line":50,"column":14}},"8":{"start":{"line":52,"column":8},"end":{"line":56,"column":10}},"9":{"start":{"line":57,"column":8},"end":{"line":57,"column":14}},"10":{"start":{"line":59,"column":8},"end":{"line":63,"column":10}},"11":{"start":{"line":64,"column":8},"end":{"line":64,"column":14}},"12":{"start":{"line":67,"column":4},"end":{"line":92,"column":5}},"13":{"start":{"line":69,"column":8},"end":{"line":74,"column":10}},"14":{"start":{"line":75,"column":8},"end":{"line":75,"column":14}},"15":{"start":{"line":77,"column":8},"end":{"line":82,"column":10}},"16":{"start":{"line":83,"column":8},"end":{"line":83,"column":14}},"17":{"start":{"line":85,"column":8},"end":{"line":90,"column":10}},"18":{"start":{"line":91,"column":8},"end":{"line":91,"column":14}},"19":{"start":{"line":94,"column":4},"end":{"line":94,"column":21}},"20":{"start":{"line":97,"column":24},"end":{"line":146,"column":3}},"21":{"start":{"line":98,"column":31},"end":{"line":100,"column":5}},"22":{"start":{"line":102,"column":4},"end":{"line":122,"column":5}},"23":{"start":{"line":105,"column":8},"end":{"line":108,"column":10}},"24":{"start":{"line":109,"column":8},"end":{"line":109,"column":14}},"25":{"start":{"line":111,"column":8},"end":{"line":114,"column":10}},"26":{"start":{"line":115,"column":8},"end":{"line":115,"column":14}},"27":{"start":{"line":117,"column":8},"end":{"line":120,"column":10}},"28":{"start":{"line":121,"column":8},"end":{"line":121,"column":14}},"29":{"start":{"line":124,"column":4},"end":{"line":143,"column":5}},"30":{"start":{"line":126,"column":8},"end":{"line":129,"column":10}},"31":{"start":{"line":130,"column":8},"end":{"line":130,"column":14}},"32":{"start":{"line":132,"column":8},"end":{"line":135,"column":10}},"33":{"start":{"line":136,"column":8},"end":{"line":136,"column":14}},"34":{"start":{"line":138,"column":8},"end":{"line":141,"column":10}},"35":{"start":{"line":142,"column":8},"end":{"line":142,"column":14}},"36":{"start":{"line":145,"column":4},"end":{"line":145,"column":21}},"37":{"start":{"line":148,"column":2},"end":{"line":182,"column":4}},"38":{"start":{"line":185,"column":15},"end":{"line":206,"column":2}}},"fnMap":{"0":{"name":"(anonymous_0)","decl":{"start":{"line":25,"column":45},"end":{"line":25,"column":46}},"loc":{"start":{"line":36,"column":6},"end":{"line":183,"column":1}},"line":36},"1":{"name":"(anonymous_1)","decl":{"start":{"line":37,"column":26},"end":{"line":37,"column":27}},"loc":{"start":{"line":37,"column":32},"end":{"line":95,"column":3}},"line":37},"2":{"name":"(anonymous_2)","decl":{"start":{"line":97,"column":24},"end":{"line":97,"column":25}},"loc":{"start":{"line":97,"column":30},"end":{"line":146,"column":3}},"line":97}},"branchMap":{"0":{"loc":{"start":{"line":28,"column":2},"end":{"line":28,"column":21}},"type":"default-arg","locations":[{"start":{"line":28,"column":12},"end":{"line":28,"column":21}}],"line":28},"1":{"loc":{"start":{"line":29,"column":2},"end":{"line":29,"column":17}},"type":"default-arg","locations":[{"start":{"line":29,"column":9},"end":{"line":29,"column":17}}],"line":29},"2":{"loc":{"start":{"line":30,"column":2},"end":{"line":30,"column":17}},"type":"default-arg","locations":[{"start":{"line":30,"column":12},"end":{"line":30,"column":17}}],"line":30},"3":{"loc":{"start":{"line":31,"column":2},"end":{"line":31,"column":18}},"type":"default-arg","locations":[{"start":{"line":31,"column":13},"end":{"line":31,"column":18}}],"line":31},"4":{"loc":{"start":{"line":40,"column":4},"end":{"line":65,"column":5}},"type":"switch","locations":[{"start":{"line":41,"column":6},"end":{"line":45,"column":14}},{"start":{"line":46,"column":6},"end":{"line":50,"column":14}},{"start":{"line":51,"column":6},"end":{"line":57,"column":14}},{"start":{"line":58,"column":6},"end":{"line":64,"column":14}}],"line":40},"5":{"loc":{"start":{"line":67,"column":4},"end":{"line":92,"column":5}},"type":"switch","locations":[{"start":{"line":68,"column":6},"end":{"line":75,"column":14}},{"start":{"line":76,"column":6},"end":{"line":83,"column":14}},{"start":{"line":84,"column":6},"end":{"line":91,"column":14}}],"line":67},"6":{"loc":{"start":{"line":102,"column":4},"end":{"line":122,"column":5}},"type":"switch","locations":[{"start":{"line":103,"column":6},"end":{"line":103,"column":21}},{"start":{"line":104,"column":6},"end":{"line":109,"column":14}},{"start":{"line":110,"column":6},"end":{"line":115,"column":14}},{"start":{"line":116,"column":6},"end":{"line":121,"column":14}}],"line":102},"7":{"loc":{"start":{"line":124,"column":4},"end":{"line":143,"column":5}},"type":"switch","locations":[{"start":{"line":125,"column":6},"end":{"line":130,"column":14}},{"start":{"line":131,"column":6},"end":{"line":136,"column":14}},{"start":{"line":137,"column":6},"end":{"line":142,"column":14}}],"line":124},"8":{"loc":{"start":{"line":151,"column":16},"end":{"line":151,"column":35}},"type":"binary-expr","locations":[{"start":{"line":151,"column":16},"end":{"line":151,"column":24}},{"start":{"line":151,"column":28},"end":{"line":151,"column":35}}],"line":151},"9":{"loc":{"start":{"line":155,"column":8},"end":{"line":155,"column":48}},"type":"binary-expr","locations":[{"start":{"line":155,"column":9},"end":{"line":155,"column":17}},{"start":{"line":155,"column":21},"end":{"line":155,"column":28}},{"start":{"line":155,"column":33},"end":{"line":155,"column":48}}],"line":155},"10":{"loc":{"start":{"line":161,"column":7},"end":{"line":180,"column":7}},"type":"cond-expr","locations":[{"start":{"line":162,"column":8},"end":{"line":165,"column":10}},{"start":{"line":167,"column":8},"end":{"line":179,"column":11}}],"line":161},"11":{"loc":{"start":{"line":164,"column":17},"end":{"line":164,"column":92}},"type":"cond-expr","locations":[{"start":{"line":164,"column":63},"end":{"line":164,"column":77}},{"start":{"line":164,"column":80},"end":{"line":164,"column":92}}],"line":164},"12":{"loc":{"start":{"line":164,"column":17},"end":{"line":164,"column":60}},"type":"binary-expr","locations":[{"start":{"line":164,"column":17},"end":{"line":164,"column":38}},{"start":{"line":164,"column":42},"end":{"line":164,"column":60}}],"line":164},"13":{"loc":{"start":{"line":168,"column":11},"end":{"line":168,"column":23}},"type":"binary-expr","locations":[{"start":{"line":168,"column":11},"end":{"line":168,"column":15}},{"start":{"line":168,"column":19},"end":{"line":168,"column":23}}],"line":168},"14":{"loc":{"start":{"line":173,"column":14},"end":{"line":173,"column":47}},"type":"cond-expr","locations":[{"start":{"line":173,"column":21},"end":{"line":173,"column":40}},{"start":{"line":173,"column":43},"end":{"line":173,"column":47}}],"line":173}},"s":{"0":0,"1":0,"2":0,"3":0,"4":0,"5":0,"6":0,"7":0,"8":0,"9":0,"10":0,"11":0,"12":0,"13":0,"14":0,"15":0,"16":0,"17":0,"18":0,"19":0,"20":0,"21":0,"22":0,"23":0,"24":0,"25":0,"26":0,"27":0,"28":0,"29":0,"30":0,"31":0,"32":0,"33":0,"34":0,"35":0,"36":0,"37":0,"38":0},"f":{"0":0,"1":0,"2":0},"b":{"0":[0],"1":[0],"2":[0],"3":[0],"4":[0,0,0,0],"5":[0,0,0],"6":[0,0,0,0],"7":[0,0,0],"8":[0,0],"9":[0,0,0],"10":[0,0],"11":[0,0],"12":[0,0],"13":[0,0],"14":[0,0]}}
,"/Users/Henrique/Desktop/Pessoal/UniversityExplorer/src/components/common/Card.tsx": {"path":"/Users/Henrique/Desktop/Pessoal/UniversityExplorer/src/components/common/Card.tsx","statementMap":{"0":{"start":{"line":12,"column":41},"end":{"line":45,"column":1}},"1":{"start":{"line":19,"column":25},"end":{"line":30,"column":3}},"2":{"start":{"line":20,"column":4},"end":{"line":29,"column":5}},"3":{"start":{"line":22,"column":8},"end":{"line":22,"column":29}},"4":{"start":{"line":24,"column":8},"end":{"line":24,"column":30}},"5":{"start":{"line":26,"column":8},"end":{"line":26,"column":29}},"6":{"start":{"line":28,"column":8},"end":{"line":28,"column":29}},"7":{"start":{"line":32,"column":2},"end":{"line":44,"column":4}},"8":{"start":{"line":47,"column":15},"end":{"line":56,"column":2}}},"fnMap":{"0":{"name":"(anonymous_0)","decl":{"start":{"line":12,"column":41},"end":{"line":12,"column":42}},"loc":{"start":{"line":18,"column":6},"end":{"line":45,"column":1}},"line":18},"1":{"name":"(anonymous_1)","decl":{"start":{"line":19,"column":25},"end":{"line":19,"column":26}},"loc":{"start":{"line":19,"column":31},"end":{"line":30,"column":3}},"line":19}},"branchMap":{"0":{"loc":{"start":{"line":14,"column":2},"end":{"line":14,"column":21}},"type":"default-arg","locations":[{"start":{"line":14,"column":14},"end":{"line":14,"column":21}}],"line":14},"1":{"loc":{"start":{"line":15,"column":2},"end":{"line":15,"column":16}},"type":"default-arg","locations":[{"start":{"line":15,"column":12},"end":{"line":15,"column":16}}],"line":15},"2":{"loc":{"start":{"line":20,"column":4},"end":{"line":29,"column":5}},"type":"switch","locations":[{"start":{"line":21,"column":6},"end":{"line":22,"column":29}},{"start":{"line":23,"column":6},"end":{"line":24,"column":30}},{"start":{"line":25,"column":6},"end":{"line":26,"column":29}},{"start":{"line":27,"column":6},"end":{"line":28,"column":29}}],"line":20},"3":{"loc":{"start":{"line":37,"column":8},"end":{"line":37,"column":33}},"type":"binary-expr","locations":[{"start":{"line":37,"column":8},"end":{"line":37,"column":15}},{"start":{"line":37,"column":19},"end":{"line":37,"column":33}}],"line":37}},"s":{"0":1,"1":2,"2":2,"3":2,"4":0,"5":0,"6":0,"7":2,"8":1},"f":{"0":2,"1":2},"b":{"0":[2],"1":[2],"2":[2,0,0,0],"3":[2,2]},"_coverageSchema":"1a1c01bbd47fc00a2c39e90264f33305004495a9","hash":"b2bf9d2233a354db4e57d37b73116a99dd7e20e9"}
,"/Users/Henrique/Desktop/Pessoal/UniversityExplorer/src/components/favorites/EmptyState.tsx": {"path":"/Users/Henrique/Desktop/Pessoal/UniversityExplorer/src/components/favorites/EmptyState.tsx","statementMap":{"0":{"start":{"line":5,"column":29},"end":{"line":14,"column":1}},"1":{"start":{"line":6,"column":2},"end":{"line":13,"column":4}},"2":{"start":{"line":16,"column":15},"end":{"line":36,"column":2}}},"fnMap":{"0":{"name":"(anonymous_0)","decl":{"start":{"line":5,"column":29},"end":{"line":5,"column":30}},"loc":{"start":{"line":5,"column":35},"end":{"line":14,"column":1}},"line":5}},"branchMap":{},"s":{"0":0,"1":0,"2":0},"f":{"0":0},"b":{}}
,"/Users/Henrique/Desktop/Pessoal/UniversityExplorer/src/components/favorites/FavoriteItem.tsx": {"path":"/Users/Henrique/Desktop/Pessoal/UniversityExplorer/src/components/favorites/FavoriteItem.tsx","statementMap":{"0":{"start":{"line":12,"column":50},"end":{"line":32,"column":1}},"1":{"start":{"line":13,"column":23},"end":{"line":13,"column":54}},"2":{"start":{"line":15,"column":2},"end":{"line":31,"column":4}},"3":{"start":{"line":16,"column":37},"end":{"line":16,"column":58}},"4":{"start":{"line":34,"column":15},"end":{"line":68,"column":2}}},"fnMap":{"0":{"name":"(anonymous_0)","decl":{"start":{"line":12,"column":50},"end":{"line":12,"column":51}},"loc":{"start":{"line":12,"column":79},"end":{"line":32,"column":1}},"line":12},"1":{"name":"(anonymous_1)","decl":{"start":{"line":16,"column":31},"end":{"line":16,"column":32}},"loc":{"start":{"line":16,"column":37},"end":{"line":16,"column":58}},"line":16}},"branchMap":{"0":{"loc":{"start":{"line":13,"column":23},"end":{"line":13,"column":54}},"type":"binary-expr","locations":[{"start":{"line":13,"column":23},"end":{"line":13,"column":36}},{"start":{"line":13,"column":40},"end":{"line":13,"column":54}}],"line":13},"1":{"loc":{"start":{"line":22,"column":31},"end":{"line":22,"column":96}},"type":"cond-expr","locations":[{"start":{"line":22,"column":59},"end":{"line":22,"column":91}},{"start":{"line":22,"column":94},"end":{"line":22,"column":96}}],"line":22},"2":{"loc":{"start":{"line":25,"column":11},"end":{"line":27,"column":28}},"type":"cond-expr","locations":[{"start":{"line":26,"column":14},"end":{"line":26,"column":43}},{"start":{"line":27,"column":14},"end":{"line":27,"column":28}}],"line":25},"3":{"loc":{"start":{"line":25,"column":11},"end":{"line":25,"column":62}},"type":"binary-expr","locations":[{"start":{"line":25,"column":11},"end":{"line":25,"column":29}},{"start":{"line":25,"column":33},"end":{"line":25,"column":62}}],"line":25}},"s":{"0":0,"1":0,"2":0,"3":0,"4":0},"f":{"0":0,"1":0},"b":{"0":[0,0],"1":[0,0],"2":[0,0],"3":[0,0]}}
,"/Users/Henrique/Desktop/Pessoal/UniversityExplorer/src/components/favorites/FavoritesList.tsx": {"path":"/Users/Henrique/Desktop/Pessoal/UniversityExplorer/src/components/favorites/FavoritesList.tsx","statementMap":{"0":{"start":{"line":12,"column":52},"end":{"line":26,"column":1}},"1":{"start":{"line":13,"column":2},"end":{"line":25,"column":4}},"2":{"start":{"line":17,"column":25},"end":{"line":17,"column":77}},"3":{"start":{"line":18,"column":8},"end":{"line":18,"column":24}},"4":{"start":{"line":21,"column":8},"end":{"line":21,"column":70}},"5":{"start":{"line":28,"column":15},"end":{"line":32,"column":2}}},"fnMap":{"0":{"name":"(anonymous_0)","decl":{"start":{"line":12,"column":52},"end":{"line":12,"column":53}},"loc":{"start":{"line":12,"column":90},"end":{"line":26,"column":1}},"line":12},"1":{"name":"(anonymous_1)","decl":{"start":{"line":16,"column":20},"end":{"line":16,"column":21}},"loc":{"start":{"line":16,"column":37},"end":{"line":19,"column":7}},"line":16},"2":{"name":"(anonymous_2)","decl":{"start":{"line":20,"column":18},"end":{"line":20,"column":19}},"loc":{"start":{"line":21,"column":8},"end":{"line":21,"column":70}},"line":21}},"branchMap":{"0":{"loc":{"start":{"line":17,"column":25},"end":{"line":17,"column":77}},"type":"binary-expr","locations":[{"start":{"line":17,"column":25},"end":{"line":17,"column":32}},{"start":{"line":17,"column":36},"end":{"line":17,"column":44}},{"start":{"line":17,"column":48},"end":{"line":17,"column":77}}],"line":17}},"s":{"0":0,"1":0,"2":0,"3":0,"4":0,"5":0},"f":{"0":0,"1":0,"2":0},"b":{"0":[0,0,0]}}
,"/Users/Henrique/Desktop/Pessoal/UniversityExplorer/src/components/favorites/LoadingState.tsx": {"path":"/Users/Henrique/Desktop/Pessoal/UniversityExplorer/src/components/favorites/LoadingState.tsx","statementMap":{"0":{"start":{"line":5,"column":31},"end":{"line":12,"column":1}},"1":{"start":{"line":6,"column":2},"end":{"line":11,"column":4}},"2":{"start":{"line":14,"column":15},"end":{"line":26,"column":2}}},"fnMap":{"0":{"name":"(anonymous_0)","decl":{"start":{"line":5,"column":31},"end":{"line":5,"column":32}},"loc":{"start":{"line":5,"column":37},"end":{"line":12,"column":1}},"line":5}},"branchMap":{},"s":{"0":0,"1":0,"2":0},"f":{"0":0},"b":{}}
,"/Users/Henrique/Desktop/Pessoal/UniversityExplorer/src/components/onboarding/ErrorMessage.tsx": {"path":"/Users/Henrique/Desktop/Pessoal/UniversityExplorer/src/components/onboarding/ErrorMessage.tsx","statementMap":{"0":{"start":{"line":9,"column":50},"end":{"line":17,"column":1}},"1":{"start":{"line":10,"column":2},"end":{"line":10,"column":28}},"2":{"start":{"line":10,"column":16},"end":{"line":10,"column":28}},"3":{"start":{"line":12,"column":2},"end":{"line":16,"column":4}},"4":{"start":{"line":19,"column":15},"end":{"line":31,"column":2}}},"fnMap":{"0":{"name":"(anonymous_0)","decl":{"start":{"line":9,"column":50},"end":{"line":9,"column":51}},"loc":{"start":{"line":9,"column":67},"end":{"line":17,"column":1}},"line":9}},"branchMap":{"0":{"loc":{"start":{"line":10,"column":2},"end":{"line":10,"column":28}},"type":"if","locations":[{"start":{"line":10,"column":2},"end":{"line":10,"column":28}},{"start":{},"end":{}}],"line":10}},"s":{"0":0,"1":0,"2":0,"3":0,"4":0},"f":{"0":0},"b":{"0":[0,0]}}
,"/Users/Henrique/Desktop/Pessoal/UniversityExplorer/src/components/onboarding/OnboardingControls.tsx": {"path":"/Users/Henrique/Desktop/Pessoal/UniversityExplorer/src/components/onboarding/OnboardingControls.tsx","statementMap":{"0":{"start":{"line":6,"column":18},"end":{"line":6,"column":42}},"1":{"start":{"line":14,"column":62},"end":{"line":37,"column":1}},"2":{"start":{"line":19,"column":4},"end":{"line":36,"column":6}},"3":{"start":{"line":39,"column":15},"end":{"line":53,"column":2}}},"fnMap":{"0":{"name":"(anonymous_0)","decl":{"start":{"line":14,"column":62},"end":{"line":14,"column":63}},"loc":{"start":{"line":18,"column":6},"end":{"line":37,"column":1}},"line":18}},"branchMap":{"0":{"loc":{"start":{"line":22,"column":23},"end":{"line":22,"column":58}},"type":"cond-expr","locations":[{"start":{"line":22,"column":37},"end":{"line":22,"column":46}},{"start":{"line":22,"column":49},"end":{"line":22,"column":58}}],"line":22},"1":{"loc":{"start":{"line":27,"column":13},"end":{"line":34,"column":13}},"type":"binary-expr","locations":[{"start":{"line":27,"column":13},"end":{"line":27,"column":25}},{"start":{"line":28,"column":16},"end":{"line":33,"column":18}}],"line":27}},"s":{"0":0,"1":0,"2":0,"3":0},"f":{"0":0},"b":{"0":[0,0],"1":[0,0]}}
,"/Users/Henrique/Desktop/Pessoal/UniversityExplorer/src/components/onboarding/OnboardingItem.tsx": {"path":"/Users/Henrique/Desktop/Pessoal/UniversityExplorer/src/components/onboarding/OnboardingItem.tsx","statementMap":{"0":{"start":{"line":7,"column":18},"end":{"line":7,"column":42}},"1":{"start":{"line":13,"column":54},"end":{"line":26,"column":1}},"2":{"start":{"line":14,"column":2},"end":{"line":25,"column":4}},"3":{"start":{"line":28,"column":15},"end":{"line":51,"column":2}}},"fnMap":{"0":{"name":"(anonymous_0)","decl":{"start":{"line":13,"column":54},"end":{"line":13,"column":55}},"loc":{"start":{"line":13,"column":68},"end":{"line":26,"column":1}},"line":13}},"branchMap":{},"s":{"0":0,"1":0,"2":0,"3":0},"f":{"0":0},"b":{}}
,"/Users/Henrique/Desktop/Pessoal/UniversityExplorer/src/components/splash/AnimatedLogo.tsx": {"path":"/Users/Henrique/Desktop/Pessoal/UniversityExplorer/src/components/splash/AnimatedLogo.tsx","statementMap":{"0":{"start":{"line":10,"column":50},"end":{"line":27,"column":1}},"1":{"start":{"line":11,"column":28},"end":{"line":16,"column":4}},"2":{"start":{"line":12,"column":4},"end":{"line":15,"column":6}},"3":{"start":{"line":18,"column":2},"end":{"line":26,"column":4}},"4":{"start":{"line":29,"column":15},"end":{"line":39,"column":2}}},"fnMap":{"0":{"name":"(anonymous_0)","decl":{"start":{"line":10,"column":50},"end":{"line":10,"column":51}},"loc":{"start":{"line":10,"column":82},"end":{"line":27,"column":1}},"line":10},"1":{"name":"(anonymous_1)","decl":{"start":{"line":11,"column":45},"end":{"line":11,"column":46}},"loc":{"start":{"line":11,"column":51},"end":{"line":16,"column":3}},"line":11}},"branchMap":{},"s":{"0":0,"1":0,"2":0,"3":0,"4":0},"f":{"0":0,"1":0},"b":{}}
,"/Users/Henrique/Desktop/Pessoal/UniversityExplorer/src/components/university/CountryFilters.tsx": {"path":"/Users/Henrique/Desktop/Pessoal/UniversityExplorer/src/components/university/CountryFilters.tsx","statementMap":{"0":{"start":{"line":16,"column":54},"end":{"line":72,"column":1}},"1":{"start":{"line":23,"column":2},"end":{"line":71,"column":4}},"2":{"start":{"line":41,"column":10},"end":{"line":60,"column":29}},"3":{"start":{"line":47,"column":27},"end":{"line":47,"column":66}},"4":{"start":{"line":74,"column":15},"end":{"line":138,"column":2}}},"fnMap":{"0":{"name":"(anonymous_0)","decl":{"start":{"line":16,"column":54},"end":{"line":16,"column":55}},"loc":{"start":{"line":22,"column":6},"end":{"line":72,"column":1}},"line":22},"1":{"name":"(anonymous_1)","decl":{"start":{"line":40,"column":30},"end":{"line":40,"column":31}},"loc":{"start":{"line":41,"column":10},"end":{"line":60,"column":29}},"line":41},"2":{"name":"(anonymous_2)","decl":{"start":{"line":47,"column":21},"end":{"line":47,"column":22}},"loc":{"start":{"line":47,"column":27},"end":{"line":47,"column":66}},"line":47}},"branchMap":{"0":{"loc":{"start":{"line":29,"column":13},"end":{"line":29,"column":62}},"type":"cond-expr","locations":[{"start":{"line":29,"column":30},"end":{"line":29,"column":45}},{"start":{"line":29,"column":48},"end":{"line":29,"column":62}}],"line":29},"1":{"loc":{"start":{"line":29,"column":80},"end":{"line":29,"column":126}},"type":"cond-expr","locations":[{"start":{"line":29,"column":97},"end":{"line":29,"column":109}},{"start":{"line":29,"column":112},"end":{"line":29,"column":126}}],"line":29},"2":{"loc":{"start":{"line":42,"column":26},"end":{"line":42,"column":45}},"type":"binary-expr","locations":[{"start":{"line":42,"column":26},"end":{"line":42,"column":36}},{"start":{"line":42,"column":40},"end":{"line":42,"column":45}}],"line":42},"3":{"loc":{"start":{"line":45,"column":14},"end":{"line":45,"column":73}},"type":"binary-expr","locations":[{"start":{"line":45,"column":14},"end":{"line":45,"column":44}},{"start":{"line":45,"column":48},"end":{"line":45,"column":73}}],"line":45},"4":{"loc":{"start":{"line":50,"column":15},"end":{"line":50,"column":59}},"type":"cond-expr","locations":[{"start":{"line":50,"column":28},"end":{"line":50,"column":52}},{"start":{"line":50,"column":55},"end":{"line":50,"column":59}}],"line":50},"5":{"loc":{"start":{"line":55,"column":16},"end":{"line":55,"column":79}},"type":"binary-expr","locations":[{"start":{"line":55,"column":16},"end":{"line":55,"column":46}},{"start":{"line":55,"column":50},"end":{"line":55,"column":79}}],"line":55}},"s":{"0":0,"1":0,"2":0,"3":0,"4":0},"f":{"0":0,"1":0,"2":0},"b":{"0":[0,0],"1":[0,0],"2":[0,0],"3":[0,0],"4":[0,0],"5":[0,0]}}
,"/Users/Henrique/Desktop/Pessoal/UniversityExplorer/src/components/university/CountrySelector.tsx": {"path":"/Users/Henrique/Desktop/Pessoal/UniversityExplorer/src/components/university/CountrySelector.tsx","statementMap":{"0":{"start":{"line":15,"column":56},"end":{"line":70,"column":1}},"1":{"start":{"line":20,"column":2},"end":{"line":69,"column":4}},"2":{"start":{"line":32,"column":43},"end":{"line":32,"column":74}},"3":{"start":{"line":39,"column":34},"end":{"line":39,"column":53}},"4":{"start":{"line":41,"column":12},"end":{"line":62,"column":31}},"5":{"start":{"line":46,"column":29},"end":{"line":46,"column":68}},"6":{"start":{"line":72,"column":15},"end":{"line":123,"column":2}}},"fnMap":{"0":{"name":"(anonymous_0)","decl":{"start":{"line":15,"column":56},"end":{"line":15,"column":57}},"loc":{"start":{"line":19,"column":6},"end":{"line":70,"column":1}},"line":19},"1":{"name":"(anonymous_1)","decl":{"start":{"line":32,"column":37},"end":{"line":32,"column":38}},"loc":{"start":{"line":32,"column":43},"end":{"line":32,"column":74}},"line":32},"2":{"name":"(anonymous_2)","decl":{"start":{"line":39,"column":24},"end":{"line":39,"column":25}},"loc":{"start":{"line":39,"column":34},"end":{"line":39,"column":53}},"line":39},"3":{"name":"(anonymous_3)","decl":{"start":{"line":40,"column":22},"end":{"line":40,"column":23}},"loc":{"start":{"line":41,"column":12},"end":{"line":62,"column":31}},"line":41},"4":{"name":"(anonymous_4)","decl":{"start":{"line":46,"column":23},"end":{"line":46,"column":24}},"loc":{"start":{"line":46,"column":29},"end":{"line":46,"column":68}},"line":46}},"branchMap":{"0":{"loc":{"start":{"line":39,"column":34},"end":{"line":39,"column":53}},"type":"binary-expr","locations":[{"start":{"line":39,"column":34},"end":{"line":39,"column":44}},{"start":{"line":39,"column":48},"end":{"line":39,"column":53}}],"line":39},"1":{"loc":{"start":{"line":44,"column":16},"end":{"line":44,"column":76}},"type":"binary-expr","locations":[{"start":{"line":44,"column":16},"end":{"line":44,"column":46}},{"start":{"line":44,"column":50},"end":{"line":44,"column":76}}],"line":44},"2":{"loc":{"start":{"line":49,"column":17},"end":{"line":49,"column":61}},"type":"cond-expr","locations":[{"start":{"line":49,"column":30},"end":{"line":49,"column":54}},{"start":{"line":49,"column":57},"end":{"line":49,"column":61}}],"line":49},"3":{"loc":{"start":{"line":54,"column":18},"end":{"line":54,"column":82}},"type":"binary-expr","locations":[{"start":{"line":54,"column":18},"end":{"line":54,"column":48}},{"start":{"line":54,"column":52},"end":{"line":54,"column":82}}],"line":54},"4":{"loc":{"start":{"line":59,"column":15},"end":{"line":61,"column":15}},"type":"binary-expr","locations":[{"start":{"line":59,"column":15},"end":{"line":59,"column":45}},{"start":{"line":60,"column":16},"end":{"line":60,"column":78}}],"line":59}},"s":{"0":0,"1":0,"2":0,"3":0,"4":0,"5":0,"6":0},"f":{"0":0,"1":0,"2":0,"3":0,"4":0},"b":{"0":[0,0],"1":[0,0],"2":[0,0],"3":[0,0],"4":[0,0]}}
,"/Users/Henrique/Desktop/Pessoal/UniversityExplorer/src/components/university/EmptyState.tsx": {"path":"/Users/Henrique/Desktop/Pessoal/UniversityExplorer/src/components/university/EmptyState.tsx","statementMap":{"0":{"start":{"line":11,"column":46},"end":{"line":28,"column":1}},"1":{"start":{"line":12,"column":2},"end":{"line":27,"column":4}},"2":{"start":{"line":30,"column":15},"end":{"line":62,"column":2}}},"fnMap":{"0":{"name":"(anonymous_0)","decl":{"start":{"line":11,"column":46},"end":{"line":11,"column":47}},"loc":{"start":{"line":11,"column":70},"end":{"line":28,"column":1}},"line":11}},"branchMap":{"0":{"loc":{"start":{"line":18,"column":7},"end":{"line":25,"column":7}},"type":"binary-expr","locations":[{"start":{"line":18,"column":7},"end":{"line":18,"column":12}},{"start":{"line":19,"column":8},"end":{"line":24,"column":27}}],"line":18}},"s":{"0":0,"1":0,"2":0},"f":{"0":0},"b":{"0":[0,0]}}
,"/Users/Henrique/Desktop/Pessoal/UniversityExplorer/src/components/university/ExpandedFilters.tsx": {"path":"/Users/Henrique/Desktop/Pessoal/UniversityExplorer/src/components/university/ExpandedFilters.tsx","statementMap":{"0":{"start":{"line":14,"column":56},"end":{"line":63,"column":1}},"1":{"start":{"line":19,"column":2},"end":{"line":62,"column":4}},"2":{"start":{"line":27,"column":10},"end":{"line":49,"column":29}},"3":{"start":{"line":33,"column":27},"end":{"line":33,"column":66}},"4":{"start":{"line":65,"column":15},"end":{"line":123,"column":2}}},"fnMap":{"0":{"name":"(anonymous_0)","decl":{"start":{"line":14,"column":56},"end":{"line":14,"column":57}},"loc":{"start":{"line":18,"column":6},"end":{"line":63,"column":1}},"line":18},"1":{"name":"(anonymous_1)","decl":{"start":{"line":26,"column":40},"end":{"line":26,"column":41}},"loc":{"start":{"line":27,"column":10},"end":{"line":49,"column":29}},"line":27},"2":{"name":"(anonymous_2)","decl":{"start":{"line":33,"column":21},"end":{"line":33,"column":22}},"loc":{"start":{"line":33,"column":27},"end":{"line":33,"column":66}},"line":33}},"branchMap":{"0":{"loc":{"start":{"line":31,"column":14},"end":{"line":31,"column":81}},"type":"binary-expr","locations":[{"start":{"line":31,"column":14},"end":{"line":31,"column":44}},{"start":{"line":31,"column":48},"end":{"line":31,"column":81}}],"line":31},"1":{"loc":{"start":{"line":41,"column":16},"end":{"line":41,"column":83}},"type":"binary-expr","locations":[{"start":{"line":41,"column":16},"end":{"line":41,"column":46}},{"start":{"line":41,"column":50},"end":{"line":41,"column":83}}],"line":41},"2":{"loc":{"start":{"line":46,"column":13},"end":{"line":48,"column":13}},"type":"binary-expr","locations":[{"start":{"line":46,"column":13},"end":{"line":46,"column":43}},{"start":{"line":47,"column":14},"end":{"line":47,"column":76}}],"line":46}},"s":{"0":0,"1":0,"2":0,"3":0,"4":0},"f":{"0":0,"1":0,"2":0},"b":{"0":[0,0],"1":[0,0],"2":[0,0]}}
,"/Users/Henrique/Desktop/Pessoal/UniversityExplorer/src/components/university/SearchBar.tsx": {"path":"/Users/Henrique/Desktop/Pessoal/UniversityExplorer/src/components/university/SearchBar.tsx","statementMap":{"0":{"start":{"line":13,"column":44},"end":{"line":37,"column":1}},"1":{"start":{"line":14,"column":2},"end":{"line":36,"column":4}},"2":{"start":{"line":39,"column":15},"end":{"line":67,"column":2}}},"fnMap":{"0":{"name":"(anonymous_0)","decl":{"start":{"line":13,"column":44},"end":{"line":13,"column":45}},"loc":{"start":{"line":13,"column":90},"end":{"line":37,"column":1}},"line":13}},"branchMap":{"0":{"loc":{"start":{"line":29,"column":9},"end":{"line":33,"column":16}},"type":"cond-expr","locations":[{"start":{"line":30,"column":10},"end":{"line":32,"column":29}},{"start":{"line":33,"column":12},"end":{"line":33,"column":16}}],"line":29}},"s":{"0":1,"1":1,"2":1},"f":{"0":1},"b":{"0":[0,1]},"_coverageSchema":"1a1c01bbd47fc00a2c39e90264f33305004495a9","hash":"ae0d1990e4d43daf69edd5881b478f66f242bc3d"}
,"/Users/Henrique/Desktop/Pessoal/UniversityExplorer/src/components/university/UniversityCard.tsx": {"path":"/Users/Henrique/Desktop/Pessoal/UniversityExplorer/src/components/university/UniversityCard.tsx","statementMap":{"0":{"start":{"line":15,"column":54},"end":{"line":64,"column":1}},"1":{"start":{"line":20,"column":23},"end":{"line":20,"column":54}},"2":{"start":{"line":22,"column":2},"end":{"line":63,"column":4}},"3":{"start":{"line":25,"column":21},"end":{"line":25,"column":42}},"4":{"start":{"line":66,"column":15},"end":{"line":120,"column":2}}},"fnMap":{"0":{"name":"(anonymous_0)","decl":{"start":{"line":15,"column":54},"end":{"line":15,"column":55}},"loc":{"start":{"line":19,"column":6},"end":{"line":64,"column":1}},"line":19},"1":{"name":"(anonymous_1)","decl":{"start":{"line":25,"column":15},"end":{"line":25,"column":16}},"loc":{"start":{"line":25,"column":21},"end":{"line":25,"column":42}},"line":25}},"branchMap":{"0":{"loc":{"start":{"line":20,"column":23},"end":{"line":20,"column":54}},"type":"binary-expr","locations":[{"start":{"line":20,"column":23},"end":{"line":20,"column":36}},{"start":{"line":20,"column":40},"end":{"line":20,"column":54}}],"line":20},"1":{"loc":{"start":{"line":28,"column":19},"end":{"line":28,"column":63}},"type":"cond-expr","locations":[{"start":{"line":28,"column":32},"end":{"line":28,"column":51}},{"start":{"line":28,"column":54},"end":{"line":28,"column":63}}],"line":28},"2":{"loc":{"start":{"line":31,"column":11},"end":{"line":33,"column":11}},"type":"binary-expr","locations":[{"start":{"line":31,"column":11},"end":{"line":31,"column":21}},{"start":{"line":32,"column":12},"end":{"line":32,"column":69}}],"line":31},"3":{"loc":{"start":{"line":42,"column":13},"end":{"line":42,"column":74}},"type":"binary-expr","locations":[{"start":{"line":42,"column":13},"end":{"line":42,"column":38}},{"start":{"line":42,"column":42},"end":{"line":42,"column":74}}],"line":42},"4":{"loc":{"start":{"line":46,"column":9},"end":{"line":51,"column":9}},"type":"binary-expr","locations":[{"start":{"line":46,"column":9},"end":{"line":46,"column":27}},{"start":{"line":46,"column":31},"end":{"line":46,"column":60}},{"start":{"line":47,"column":10},"end":{"line":50,"column":17}}],"line":46},"5":{"loc":{"start":{"line":53,"column":9},"end":{"line":60,"column":9}},"type":"binary-expr","locations":[{"start":{"line":53,"column":9},"end":{"line":53,"column":29}},{"start":{"line":53,"column":33},"end":{"line":53,"column":64}},{"start":{"line":54,"column":10},"end":{"line":59,"column":17}}],"line":53}},"s":{"0":0,"1":0,"2":0,"3":0,"4":0},"f":{"0":0,"1":0},"b":{"0":[0,0],"1":[0,0],"2":[0,0],"3":[0,0],"4":[0,0,0],"5":[0,0,0]}}
,"/Users/Henrique/Desktop/Pessoal/UniversityExplorer/src/components/universityDetail/DomainSection.tsx": {"path":"/Users/Henrique/Desktop/Pessoal/UniversityExplorer/src/components/universityDetail/DomainSection.tsx","statementMap":{"0":{"start":{"line":10,"column":52},"end":{"line":21,"column":1}},"1":{"start":{"line":11,"column":2},"end":{"line":20,"column":4}},"2":{"start":{"line":15,"column":8},"end":{"line":17,"column":15}},"3":{"start":{"line":23,"column":15},"end":{"line":39,"column":2}}},"fnMap":{"0":{"name":"(anonymous_0)","decl":{"start":{"line":10,"column":52},"end":{"line":10,"column":53}},"loc":{"start":{"line":10,"column":69},"end":{"line":21,"column":1}},"line":10},"1":{"name":"(anonymous_1)","decl":{"start":{"line":14,"column":19},"end":{"line":14,"column":20}},"loc":{"start":{"line":15,"column":8},"end":{"line":17,"column":15}},"line":15}},"branchMap":{},"s":{"0":0,"1":0,"2":0,"3":0},"f":{"0":0,"1":0},"b":{}}
,"/Users/Henrique/Desktop/Pessoal/UniversityExplorer/src/components/universityDetail/ErrorState.tsx": {"path":"/Users/Henrique/Desktop/Pessoal/UniversityExplorer/src/components/universityDetail/ErrorState.tsx","statementMap":{"0":{"start":{"line":10,"column":46},"end":{"line":22,"column":1}},"1":{"start":{"line":11,"column":2},"end":{"line":21,"column":4}},"2":{"start":{"line":24,"column":15},"end":{"line":47,"column":2}}},"fnMap":{"0":{"name":"(anonymous_0)","decl":{"start":{"line":10,"column":46},"end":{"line":10,"column":47}},"loc":{"start":{"line":10,"column":77},"end":{"line":22,"column":1}},"line":10}},"branchMap":{"0":{"loc":{"start":{"line":13,"column":38},"end":{"line":13,"column":83}},"type":"binary-expr","locations":[{"start":{"line":13,"column":38},"end":{"line":13,"column":50}},{"start":{"line":13,"column":54},"end":{"line":13,"column":83}}],"line":13}},"s":{"0":0,"1":0,"2":0},"f":{"0":0},"b":{"0":[0,0]}}
,"/Users/Henrique/Desktop/Pessoal/UniversityExplorer/src/components/universityDetail/LoadingState.tsx": {"path":"/Users/Henrique/Desktop/Pessoal/UniversityExplorer/src/components/universityDetail/LoadingState.tsx","statementMap":{"0":{"start":{"line":5,"column":31},"end":{"line":11,"column":1}},"1":{"start":{"line":6,"column":2},"end":{"line":10,"column":4}},"2":{"start":{"line":13,"column":15},"end":{"line":19,"column":2}}},"fnMap":{"0":{"name":"(anonymous_0)","decl":{"start":{"line":5,"column":31},"end":{"line":5,"column":32}},"loc":{"start":{"line":5,"column":37},"end":{"line":11,"column":1}},"line":5}},"branchMap":{},"s":{"0":0,"1":0,"2":0},"f":{"0":0},"b":{}}
,"/Users/Henrique/Desktop/Pessoal/UniversityExplorer/src/components/universityDetail/UniversityHeader.tsx": {"path":"/Users/Henrique/Desktop/Pessoal/UniversityExplorer/src/components/universityDetail/UniversityHeader.tsx","statementMap":{"0":{"start":{"line":13,"column":58},"end":{"line":29,"column":1}},"1":{"start":{"line":19,"column":2},"end":{"line":28,"column":4}},"2":{"start":{"line":31,"column":15},"end":{"line":53,"column":2}}},"fnMap":{"0":{"name":"(anonymous_0)","decl":{"start":{"line":13,"column":58},"end":{"line":13,"column":59}},"loc":{"start":{"line":18,"column":6},"end":{"line":29,"column":1}},"line":18}},"branchMap":{"0":{"loc":{"start":{"line":25,"column":9},"end":{"line":25,"column":46}},"type":"binary-expr","locations":[{"start":{"line":25,"column":9},"end":{"line":25,"column":22}},{"start":{"line":25,"column":26},"end":{"line":25,"column":46}}],"line":25}},"s":{"0":0,"1":0,"2":0},"f":{"0":0},"b":{"0":[0,0]}}
,"/Users/Henrique/Desktop/Pessoal/UniversityExplorer/src/components/universityDetail/WebsitesSection.tsx": {"path":"/Users/Henrique/Desktop/Pessoal/UniversityExplorer/src/components/universityDetail/WebsitesSection.tsx","statementMap":{"0":{"start":{"line":12,"column":56},"end":{"line":28,"column":1}},"1":{"start":{"line":13,"column":2},"end":{"line":27,"column":4}},"2":{"start":{"line":17,"column":8},"end":{"line":24,"column":27}},"3":{"start":{"line":20,"column":25},"end":{"line":20,"column":41}},"4":{"start":{"line":30,"column":15},"end":{"line":57,"column":2}}},"fnMap":{"0":{"name":"(anonymous_0)","decl":{"start":{"line":12,"column":56},"end":{"line":12,"column":57}},"loc":{"start":{"line":12,"column":74},"end":{"line":28,"column":1}},"line":12},"1":{"name":"(anonymous_1)","decl":{"start":{"line":16,"column":20},"end":{"line":16,"column":21}},"loc":{"start":{"line":17,"column":8},"end":{"line":24,"column":27}},"line":17},"2":{"name":"(anonymous_2)","decl":{"start":{"line":20,"column":19},"end":{"line":20,"column":20}},"loc":{"start":{"line":20,"column":25},"end":{"line":20,"column":41}},"line":20}},"branchMap":{},"s":{"0":0,"1":0,"2":0,"3":0,"4":0},"f":{"0":0,"1":0,"2":0},"b":{}}
,"/Users/Henrique/Desktop/Pessoal/UniversityExplorer/src/config/theme.ts": {"path":"/Users/Henrique/Desktop/Pessoal/UniversityExplorer/src/config/theme.ts","statementMap":{"0":{"start":{"line":3,"column":22},"end":{"line":24,"column":1}},"1":{"start":{"line":26,"column":21},"end":{"line":48,"column":1}},"2":{"start":{"line":50,"column":21},"end":{"line":64,"column":1}},"3":{"start":{"line":66,"column":23},"end":{"line":97,"column":1}},"4":{"start":{"line":99,"column":24},"end":{"line":110,"column":1}}},"fnMap":{},"branchMap":{},"s":{"0":2,"1":2,"2":2,"3":2,"4":2},"f":{},"b":{},"_coverageSchema":"1a1c01bbd47fc00a2c39e90264f33305004495a9","hash":"84f7a2d597d209732ca19457bb7acae3fee8031d"}
,"/Users/Henrique/Desktop/Pessoal/UniversityExplorer/src/constants/animationConfig.ts": {"path":"/Users/Henrique/Desktop/Pessoal/UniversityExplorer/src/constants/animationConfig.ts","statementMap":{"0":{"start":{"line":2,"column":32},"end":{"line":2,"column":36}},"1":{"start":{"line":4,"column":32},"end":{"line":15,"column":1}}},"fnMap":{},"branchMap":{},"s":{"0":0,"1":0},"f":{},"b":{}}
,"/Users/Henrique/Desktop/Pessoal/UniversityExplorer/src/constants/countries.ts": {"path":"/Users/Henrique/Desktop/Pessoal/UniversityExplorer/src/constants/countries.ts","statementMap":{"0":{"start":{"line":1,"column":32},"end":{"line":8,"column":3}},"1":{"start":{"line":10,"column":31},"end":{"line":25,"column":3}},"2":{"start":{"line":27,"column":58},"end":{"line":45,"column":3}}},"fnMap":{},"branchMap":{},"s":{"0":1,"1":1,"2":1},"f":{},"b":{},"_coverageSchema":"1a1c01bbd47fc00a2c39e90264f33305004495a9","hash":"4e079b2ddc4eee0212a609ef77a2a5c080a6cc6f"}
,"/Users/Henrique/Desktop/Pessoal/UniversityExplorer/src/constants/onboardingData.ts": {"path":"/Users/Henrique/Desktop/Pessoal/UniversityExplorer/src/constants/onboardingData.ts","statementMap":{"0":{"start":{"line":11,"column":52},"end":{"line":24,"column":1}}},"fnMap":{},"branchMap":{},"s":{"0":0},"f":{},"b":{}}
,"/Users/Henrique/Desktop/Pessoal/UniversityExplorer/src/constants/settingsData.ts": {"path":"/Users/Henrique/Desktop/Pessoal/UniversityExplorer/src/constants/settingsData.ts","statementMap":{"0":{"start":{"line":1,"column":27},"end":{"line":1,"column":34}},"1":{"start":{"line":10,"column":29},"end":{"line":27,"column":1}},"2":{"start":{"line":10,"column":62},"end":{"line":27,"column":1}}},"fnMap":{"0":{"name":"(anonymous_0)","decl":{"start":{"line":10,"column":29},"end":{"line":10,"column":30}},"loc":{"start":{"line":10,"column":62},"end":{"line":27,"column":1}},"line":10}},"branchMap":{},"s":{"0":0,"1":0,"2":0},"f":{"0":0},"b":{}}
,"/Users/Henrique/Desktop/Pessoal/UniversityExplorer/src/hooks/useDebounce.ts": {"path":"/Users/Henrique/Desktop/Pessoal/UniversityExplorer/src/hooks/useDebounce.ts","statementMap":{"0":{"start":{"line":5,"column":46},"end":{"line":5,"column":64}},"1":{"start":{"line":7,"column":2},"end":{"line":15,"column":21}},"2":{"start":{"line":8,"column":18},"end":{"line":10,"column":13}},"3":{"start":{"line":9,"column":6},"end":{"line":9,"column":31}},"4":{"start":{"line":12,"column":4},"end":{"line":14,"column":6}},"5":{"start":{"line":13,"column":6},"end":{"line":13,"column":26}},"6":{"start":{"line":17,"column":2},"end":{"line":17,"column":24}}},"fnMap":{"0":{"name":"useDebounce","decl":{"start":{"line":4,"column":16},"end":{"line":4,"column":27}},"loc":{"start":{"line":4,"column":59},"end":{"line":18,"column":1}},"line":4},"1":{"name":"(anonymous_1)","decl":{"start":{"line":7,"column":12},"end":{"line":7,"column":13}},"loc":{"start":{"line":7,"column":18},"end":{"line":15,"column":3}},"line":7},"2":{"name":"(anonymous_2)","decl":{"start":{"line":8,"column":29},"end":{"line":8,"column":30}},"loc":{"start":{"line":8,"column":35},"end":{"line":10,"column":5}},"line":8},"3":{"name":"(anonymous_3)","decl":{"start":{"line":12,"column":11},"end":{"line":12,"column":12}},"loc":{"start":{"line":12,"column":17},"end":{"line":14,"column":5}},"line":12}},"branchMap":{},"s":{"0":0,"1":0,"2":0,"3":0,"4":0,"5":0,"6":0},"f":{"0":0,"1":0,"2":0,"3":0},"b":{}}
,"/Users/Henrique/Desktop/Pessoal/UniversityExplorer/src/hooks/useFavorites.ts": {"path":"/Users/Henrique/Desktop/Pessoal/UniversityExplorer/src/hooks/useFavorites.ts","statementMap":{"0":{"start":{"line":4,"column":28},"end":{"line":25,"column":1}},"1":{"start":{"line":12,"column":6},"end":{"line":12,"column":25}},"2":{"start":{"line":14,"column":2},"end":{"line":16,"column":9}},"3":{"start":{"line":15,"column":4},"end":{"line":15,"column":20}},"4":{"start":{"line":18,"column":2},"end":{"line":24,"column":4}}},"fnMap":{"0":{"name":"(anonymous_0)","decl":{"start":{"line":4,"column":28},"end":{"line":4,"column":29}},"loc":{"start":{"line":4,"column":34},"end":{"line":25,"column":1}},"line":4},"1":{"name":"(anonymous_1)","decl":{"start":{"line":14,"column":12},"end":{"line":14,"column":13}},"loc":{"start":{"line":14,"column":18},"end":{"line":16,"column":3}},"line":14}},"branchMap":{},"s":{"0":1,"1":3,"2":3,"3":3,"4":3},"f":{"0":3,"1":3},"b":{},"_coverageSchema":"1a1c01bbd47fc00a2c39e90264f33305004495a9","hash":"72ab22a0852f0accf8a037b6614d2d98c2da312a"}
,"/Users/Henrique/Desktop/Pessoal/UniversityExplorer/src/hooks/useFavoritesData.ts": {"path":"/Users/Henrique/Desktop/Pessoal/UniversityExplorer/src/hooks/useFavoritesData.ts","statementMap":{"0":{"start":{"line":6,"column":32},"end":{"line":24,"column":1}},"1":{"start":{"line":7,"column":33},"end":{"line":7,"column":47}},"2":{"start":{"line":8,"column":21},"end":{"line":8,"column":72}},"3":{"start":{"line":10,"column":32},"end":{"line":17,"column":18}},"4":{"start":{"line":11,"column":4},"end":{"line":14,"column":5}},"5":{"start":{"line":12,"column":6},"end":{"line":12,"column":63}},"6":{"start":{"line":13,"column":6},"end":{"line":13,"column":13}},"7":{"start":{"line":15,"column":4},"end":{"line":15,"column":59}},"8":{"start":{"line":16,"column":4},"end":{"line":16,"column":52}},"9":{"start":{"line":19,"column":2},"end":{"line":23,"column":4}}},"fnMap":{"0":{"name":"(anonymous_0)","decl":{"start":{"line":6,"column":32},"end":{"line":6,"column":33}},"loc":{"start":{"line":6,"column":38},"end":{"line":24,"column":1}},"line":6},"1":{"name":"(anonymous_1)","decl":{"start":{"line":10,"column":44},"end":{"line":10,"column":45}},"loc":{"start":{"line":10,"column":60},"end":{"line":17,"column":3}},"line":10}},"branchMap":{"0":{"loc":{"start":{"line":11,"column":4},"end":{"line":14,"column":5}},"type":"if","locations":[{"start":{"line":11,"column":4},"end":{"line":14,"column":5}},{"start":{},"end":{}}],"line":11}},"s":{"0":0,"1":0,"2":0,"3":0,"4":0,"5":0,"6":0,"7":0,"8":0,"9":0},"f":{"0":0,"1":0},"b":{"0":[0,0]}}
,"/Users/Henrique/Desktop/Pessoal/UniversityExplorer/src/hooks/useOnboarding.ts": {"path":"/Users/Henrique/Desktop/Pessoal/UniversityExplorer/src/hooks/useOnboarding.ts","statementMap":{"0":{"start":{"line":4,"column":32},"end":{"line":4,"column":74}},"1":{"start":{"line":6,"column":29},"end":{"line":49,"column":1}},"2":{"start":{"line":7,"column":62},"end":{"line":7,"column":92}},"3":{"start":{"line":8,"column":32},"end":{"line":8,"column":46}},"4":{"start":{"line":10,"column":2},"end":{"line":12,"column":9}},"5":{"start":{"line":11,"column":4},"end":{"line":11,"column":28}},"6":{"start":{"line":14,"column":32},"end":{"line":23,"column":3}},"7":{"start":{"line":15,"column":4},"end":{"line":22,"column":5}},"8":{"start":{"line":16,"column":20},"end":{"line":16,"column":71}},"9":{"start":{"line":17,"column":6},"end":{"line":17,"column":50}},"10":{"start":{"line":19,"column":6},"end":{"line":19,"column":64}},"11":{"start":{"line":21,"column":6},"end":{"line":21,"column":24}},"12":{"start":{"line":25,"column":29},"end":{"line":32,"column":3}},"13":{"start":{"line":26,"column":4},"end":{"line":31,"column":5}},"14":{"start":{"line":27,"column":6},"end":{"line":27,"column":66}},"15":{"start":{"line":28,"column":6},"end":{"line":28,"column":38}},"16":{"start":{"line":30,"column":6},"end":{"line":30,"column":63}},"17":{"start":{"line":34,"column":26},"end":{"line":41,"column":3}},"18":{"start":{"line":35,"column":4},"end":{"line":40,"column":5}},"19":{"start":{"line":36,"column":6},"end":{"line":36,"column":61}},"20":{"start":{"line":37,"column":6},"end":{"line":37,"column":39}},"21":{"start":{"line":39,"column":6},"end":{"line":39,"column":65}},"22":{"start":{"line":43,"column":2},"end":{"line":48,"column":4}}},"fnMap":{"0":{"name":"(anonymous_0)","decl":{"start":{"line":6,"column":29},"end":{"line":6,"column":30}},"loc":{"start":{"line":6,"column":35},"end":{"line":49,"column":1}},"line":6},"1":{"name":"(anonymous_1)","decl":{"start":{"line":10,"column":12},"end":{"line":10,"column":13}},"loc":{"start":{"line":10,"column":18},"end":{"line":12,"column":3}},"line":10},"2":{"name":"(anonymous_2)","decl":{"start":{"line":14,"column":32},"end":{"line":14,"column":33}},"loc":{"start":{"line":14,"column":44},"end":{"line":23,"column":3}},"line":14},"3":{"name":"(anonymous_3)","decl":{"start":{"line":25,"column":29},"end":{"line":25,"column":30}},"loc":{"start":{"line":25,"column":41},"end":{"line":32,"column":3}},"line":25},"4":{"name":"(anonymous_4)","decl":{"start":{"line":34,"column":26},"end":{"line":34,"column":27}},"loc":{"start":{"line":34,"column":38},"end":{"line":41,"column":3}},"line":34}},"branchMap":{},"s":{"0":0,"1":0,"2":0,"3":0,"4":0,"5":0,"6":0,"7":0,"8":0,"9":0,"10":0,"11":0,"12":0,"13":0,"14":0,"15":0,"16":0,"17":0,"18":0,"19":0,"20":0,"21":0,"22":0},"f":{"0":0,"1":0,"2":0,"3":0,"4":0},"b":{}}
,"/Users/Henrique/Desktop/Pessoal/UniversityExplorer/src/hooks/useOnboardingNavigation.ts": {"path":"/Users/Henrique/Desktop/Pessoal/UniversityExplorer/src/hooks/useOnboardingNavigation.ts","statementMap":{"0":{"start":{"line":12,"column":39},"end":{"line":83,"column":1}},"1":{"start":{"line":13,"column":42},"end":{"line":13,"column":53}},"2":{"start":{"line":14,"column":28},"end":{"line":14,"column":57}},"3":{"start":{"line":15,"column":18},"end":{"line":15,"column":55}},"4":{"start":{"line":16,"column":20},"end":{"line":16,"column":42}},"5":{"start":{"line":17,"column":21},"end":{"line":17,"column":68}},"6":{"start":{"line":18,"column":33},"end":{"line":18,"column":48}},"7":{"start":{"line":20,"column":21},"end":{"line":22,"column":12}},"8":{"start":{"line":24,"column":31},"end":{"line":33,"column":12}},"9":{"start":{"line":30,"column":4},"end":{"line":32,"column":5}},"10":{"start":{"line":31,"column":6},"end":{"line":31,"column":46}},"11":{"start":{"line":35,"column":19},"end":{"line":46,"column":20}},"12":{"start":{"line":36,"column":4},"end":{"line":45,"column":5}},"13":{"start":{"line":37,"column":6},"end":{"line":42,"column":7}},"14":{"start":{"line":38,"column":8},"end":{"line":38,"column":70}},"15":{"start":{"line":40,"column":8},"end":{"line":40,"column":61}},"16":{"start":{"line":41,"column":8},"end":{"line":41,"column":42}},"17":{"start":{"line":44,"column":6},"end":{"line":44,"column":34}},"18":{"start":{"line":48,"column":36},"end":{"line":69,"column":3}},"19":{"start":{"line":49,"column":4},"end":{"line":68,"column":5}},"20":{"start":{"line":50,"column":6},"end":{"line":50,"column":33}},"21":{"start":{"line":52,"column":6},"end":{"line":57,"column":8}},"22":{"start":{"line":59,"column":6},"end":{"line":59,"column":66}},"23":{"start":{"line":61,"column":6},"end":{"line":67,"column":7}},"24":{"start":{"line":62,"column":8},"end":{"line":64,"column":16}},"25":{"start":{"line":63,"column":10},"end":{"line":63,"column":45}},"26":{"start":{"line":66,"column":8},"end":{"line":66,"column":67}},"27":{"start":{"line":71,"column":2},"end":{"line":82,"column":4}}},"fnMap":{"0":{"name":"(anonymous_0)","decl":{"start":{"line":12,"column":39},"end":{"line":12,"column":40}},"loc":{"start":{"line":12,"column":45},"end":{"line":83,"column":1}},"line":12},"1":{"name":"(anonymous_1)","decl":{"start":{"line":24,"column":38},"end":{"line":24,"column":39}},"loc":{"start":{"line":29,"column":8},"end":{"line":33,"column":3}},"line":29},"2":{"name":"(anonymous_2)","decl":{"start":{"line":35,"column":31},"end":{"line":35,"column":32}},"loc":{"start":{"line":35,"column":37},"end":{"line":46,"column":3}},"line":35},"3":{"name":"(anonymous_3)","decl":{"start":{"line":48,"column":36},"end":{"line":48,"column":37}},"loc":{"start":{"line":48,"column":48},"end":{"line":69,"column":3}},"line":48},"4":{"name":"(anonymous_4)","decl":{"start":{"line":62,"column":19},"end":{"line":62,"column":20}},"loc":{"start":{"line":62,"column":25},"end":{"line":64,"column":9}},"line":62}},"branchMap":{"0":{"loc":{"start":{"line":30,"column":4},"end":{"line":32,"column":5}},"type":"if","locations":[{"start":{"line":30,"column":4},"end":{"line":32,"column":5}},{"start":{},"end":{}}],"line":30},"1":{"loc":{"start":{"line":30,"column":8},"end":{"line":30,"column":59}},"type":"binary-expr","locations":[{"start":{"line":30,"column":8},"end":{"line":30,"column":24}},{"start":{"line":30,"column":28},"end":{"line":30,"column":59}}],"line":30},"2":{"loc":{"start":{"line":36,"column":4},"end":{"line":45,"column":5}},"type":"if","locations":[{"start":{"line":36,"column":4},"end":{"line":45,"column":5}},{"start":{"line":43,"column":11},"end":{"line":45,"column":5}}],"line":36}},"s":{"0":0,"1":0,"2":0,"3":0,"4":0,"5":0,"6":0,"7":0,"8":0,"9":0,"10":0,"11":0,"12":0,"13":0,"14":0,"15":0,"16":0,"17":0,"18":0,"19":0,"20":0,"21":0,"22":0,"23":0,"24":0,"25":0,"26":0,"27":0},"f":{"0":0,"1":0,"2":0,"3":0,"4":0},"b":{"0":[0,0],"1":[0,0],"2":[0,0]}}
,"/Users/Henrique/Desktop/Pessoal/UniversityExplorer/src/hooks/useSettings.ts": {"path":"/Users/Henrique/Desktop/Pessoal/UniversityExplorer/src/hooks/useSettings.ts","statementMap":{"0":{"start":{"line":5,"column":27},"end":{"line":20,"column":1}},"1":{"start":{"line":6,"column":30},"end":{"line":6,"column":45}},"2":{"start":{"line":7,"column":44},"end":{"line":7,"column":58}},"3":{"start":{"line":9,"column":30},"end":{"line":11,"column":8}},"4":{"start":{"line":10,"column":4},"end":{"line":10,"column":28}},"5":{"start":{"line":13,"column":21},"end":{"line":13,"column":51}},"6":{"start":{"line":15,"column":2},"end":{"line":19,"column":4}}},"fnMap":{"0":{"name":"(anonymous_0)","decl":{"start":{"line":5,"column":27},"end":{"line":5,"column":28}},"loc":{"start":{"line":5,"column":33},"end":{"line":20,"column":1}},"line":5},"1":{"name":"(anonymous_1)","decl":{"start":{"line":9,"column":42},"end":{"line":9,"column":43}},"loc":{"start":{"line":9,"column":62},"end":{"line":11,"column":3}},"line":9}},"branchMap":{},"s":{"0":0,"1":0,"2":0,"3":0,"4":0,"5":0,"6":0},"f":{"0":0,"1":0},"b":{}}
,"/Users/Henrique/Desktop/Pessoal/UniversityExplorer/src/hooks/useSplashAnimation.ts": {"path":"/Users/Henrique/Desktop/Pessoal/UniversityExplorer/src/hooks/useSplashAnimation.ts","statementMap":{"0":{"start":{"line":13,"column":34},"end":{"line":66,"column":1}},"1":{"start":{"line":14,"column":21},"end":{"line":14,"column":64}},"2":{"start":{"line":15,"column":37},"end":{"line":15,"column":52}},"3":{"start":{"line":17,"column":20},"end":{"line":17,"column":37}},"4":{"start":{"line":18,"column":22},"end":{"line":18,"column":39}},"5":{"start":{"line":19,"column":22},"end":{"line":19,"column":39}},"6":{"start":{"line":21,"column":2},"end":{"line":59,"column":80}},"7":{"start":{"line":22,"column":26},"end":{"line":56,"column":5}},"8":{"start":{"line":23,"column":6},"end":{"line":23,"column":62}},"9":{"start":{"line":24,"column":6},"end":{"line":24,"column":89}},"10":{"start":{"line":25,"column":6},"end":{"line":28,"column":9}},"11":{"start":{"line":30,"column":6},"end":{"line":55,"column":7}},"12":{"start":{"line":31,"column":8},"end":{"line":31,"column":39}},"13":{"start":{"line":33,"column":8},"end":{"line":52,"column":29}},"14":{"start":{"line":34,"column":10},"end":{"line":51,"column":11}},"15":{"start":{"line":35,"column":30},"end":{"line":35,"column":76}},"16":{"start":{"line":37,"column":12},"end":{"line":42,"column":14}},"17":{"start":{"line":44,"column":12},"end":{"line":44,"column":54}},"18":{"start":{"line":46,"column":12},"end":{"line":50,"column":13}},"19":{"start":{"line":47,"column":14},"end":{"line":47,"column":55}},"20":{"start":{"line":49,"column":14},"end":{"line":49,"column":69}},"21":{"start":{"line":54,"column":8},"end":{"line":54,"column":59}},"22":{"start":{"line":58,"column":4},"end":{"line":58,"column":20}},"23":{"start":{"line":61,"column":2},"end":{"line":65,"column":4}}},"fnMap":{"0":{"name":"(anonymous_0)","decl":{"start":{"line":13,"column":34},"end":{"line":13,"column":35}},"loc":{"start":{"line":13,"column":40},"end":{"line":66,"column":1}},"line":13},"1":{"name":"(anonymous_1)","decl":{"start":{"line":21,"column":12},"end":{"line":21,"column":13}},"loc":{"start":{"line":21,"column":18},"end":{"line":59,"column":3}},"line":21},"2":{"name":"(anonymous_2)","decl":{"start":{"line":22,"column":26},"end":{"line":22,"column":27}},"loc":{"start":{"line":22,"column":38},"end":{"line":56,"column":5}},"line":22},"3":{"name":"(anonymous_3)","decl":{"start":{"line":33,"column":19},"end":{"line":33,"column":20}},"loc":{"start":{"line":33,"column":25},"end":{"line":52,"column":9}},"line":33}},"branchMap":{"0":{"loc":{"start":{"line":35,"column":30},"end":{"line":35,"column":76}},"type":"cond-expr","locations":[{"start":{"line":35,"column":55},"end":{"line":35,"column":61}},{"start":{"line":35,"column":64},"end":{"line":35,"column":76}}],"line":35}},"s":{"0":0,"1":0,"2":0,"3":0,"4":0,"5":0,"6":0,"7":0,"8":0,"9":0,"10":0,"11":0,"12":0,"13":0,"14":0,"15":0,"16":0,"17":0,"18":0,"19":0,"20":0,"21":0,"22":0,"23":0},"f":{"0":0,"1":0,"2":0,"3":0},"b":{"0":[0,0]}}
,"/Users/Henrique/Desktop/Pessoal/UniversityExplorer/src/hooks/useUniversityDetail.ts": {"path":"/Users/Henrique/Desktop/Pessoal/UniversityExplorer/src/hooks/useUniversityDetail.ts","statementMap":{"0":{"start":{"line":6,"column":35},"end":{"line":63,"column":1}},"1":{"start":{"line":7,"column":38},"end":{"line":7,"column":71}},"2":{"start":{"line":8,"column":32},"end":{"line":8,"column":55}},"3":{"start":{"line":9,"column":28},"end":{"line":9,"column":57}},"4":{"start":{"line":10,"column":40},"end":{"line":10,"column":64}},"5":{"start":{"line":12,"column":54},"end":{"line":12,"column":68}},"6":{"start":{"line":14,"column":26},"end":{"line":28,"column":20}},"7":{"start":{"line":15,"column":4},"end":{"line":27,"column":5}},"8":{"start":{"line":16,"column":6},"end":{"line":16,"column":23}},"9":{"start":{"line":17,"column":6},"end":{"line":17,"column":21}},"10":{"start":{"line":19,"column":19},"end":{"line":19,"column":70}},"11":{"start":{"line":20,"column":6},"end":{"line":20,"column":52}},"12":{"start":{"line":21,"column":6},"end":{"line":21,"column":26}},"13":{"start":{"line":23,"column":6},"end":{"line":23,"column":57}},"14":{"start":{"line":24,"column":6},"end":{"line":24,"column":64}},"15":{"start":{"line":26,"column":6},"end":{"line":26,"column":24}},"16":{"start":{"line":30,"column":2},"end":{"line":40,"column":50}},"17":{"start":{"line":31,"column":26},"end":{"line":36,"column":5}},"18":{"start":{"line":32,"column":6},"end":{"line":32,"column":61}},"19":{"start":{"line":33,"column":20},"end":{"line":33,"column":44}},"20":{"start":{"line":34,"column":6},"end":{"line":34,"column":41}},"21":{"start":{"line":35,"column":6},"end":{"line":35,"column":28}},"22":{"start":{"line":38,"column":4},"end":{"line":38,"column":22}},"23":{"start":{"line":39,"column":4},"end":{"line":39,"column":20}},"24":{"start":{"line":42,"column":25},"end":{"line":52,"column":74}},"25":{"start":{"line":43,"column":4},"end":{"line":51,"column":5}},"26":{"start":{"line":44,"column":6},"end":{"line":44,"column":61}},"27":{"start":{"line":45,"column":6},"end":{"line":49,"column":7}},"28":{"start":{"line":46,"column":8},"end":{"line":46,"column":37}},"29":{"start":{"line":48,"column":8},"end":{"line":48,"column":32}},"30":{"start":{"line":50,"column":6},"end":{"line":50,"column":35}},"31":{"start":{"line":55,"column":2},"end":{"line":62,"column":4}}},"fnMap":{"0":{"name":"(anonymous_0)","decl":{"start":{"line":6,"column":35},"end":{"line":6,"column":36}},"loc":{"start":{"line":6,"column":61},"end":{"line":63,"column":1}},"line":6},"1":{"name":"(anonymous_1)","decl":{"start":{"line":14,"column":38},"end":{"line":14,"column":39}},"loc":{"start":{"line":14,"column":50},"end":{"line":28,"column":3}},"line":14},"2":{"name":"(anonymous_2)","decl":{"start":{"line":30,"column":12},"end":{"line":30,"column":13}},"loc":{"start":{"line":30,"column":18},"end":{"line":40,"column":3}},"line":30},"3":{"name":"(anonymous_3)","decl":{"start":{"line":31,"column":26},"end":{"line":31,"column":27}},"loc":{"start":{"line":31,"column":32},"end":{"line":36,"column":5}},"line":31},"4":{"name":"(anonymous_4)","decl":{"start":{"line":42,"column":37},"end":{"line":42,"column":38}},"loc":{"start":{"line":42,"column":43},"end":{"line":52,"column":3}},"line":42}},"branchMap":{"0":{"loc":{"start":{"line":43,"column":4},"end":{"line":51,"column":5}},"type":"if","locations":[{"start":{"line":43,"column":4},"end":{"line":51,"column":5}},{"start":{},"end":{}}],"line":43},"1":{"loc":{"start":{"line":45,"column":6},"end":{"line":49,"column":7}},"type":"if","locations":[{"start":{"line":45,"column":6},"end":{"line":49,"column":7}},{"start":{"line":47,"column":13},"end":{"line":49,"column":7}}],"line":45}},"s":{"0":0,"1":0,"2":0,"3":0,"4":0,"5":0,"6":0,"7":0,"8":0,"9":0,"10":0,"11":0,"12":0,"13":0,"14":0,"15":0,"16":0,"17":0,"18":0,"19":0,"20":0,"21":0,"22":0,"23":0,"24":0,"25":0,"26":0,"27":0,"28":0,"29":0,"30":0,"31":0},"f":{"0":0,"1":0,"2":0,"3":0,"4":0},"b":{"0":[0,0],"1":[0,0]}}
,"/Users/Henrique/Desktop/Pessoal/UniversityExplorer/src/hooks/useUniversityList.ts": {"path":"/Users/Henrique/Desktop/Pessoal/UniversityExplorer/src/hooks/useUniversityList.ts","statementMap":{"0":{"start":{"line":6,"column":33},"end":{"line":117,"column":1}},"1":{"start":{"line":7,"column":42},"end":{"line":7,"column":68}},"2":{"start":{"line":8,"column":32},"end":{"line":8,"column":55}},"3":{"start":{"line":9,"column":38},"end":{"line":9,"column":62}},"4":{"start":{"line":10,"column":38},"end":{"line":10,"column":58}},"5":{"start":{"line":11,"column":32},"end":{"line":11,"column":58}},"6":{"start":{"line":12,"column":38},"end":{"line":12,"column":57}},"7":{"start":{"line":13,"column":26},"end":{"line":13,"column":45}},"8":{"start":{"line":14,"column":40},"end":{"line":14,"column":64}},"9":{"start":{"line":15,"column":28},"end":{"line":15,"column":57}},"10":{"start":{"line":17,"column":30},"end":{"line":17,"column":58}},"11":{"start":{"line":18,"column":27},"end":{"line":18,"column":52}},"12":{"start":{"line":20,"column":28},"end":{"line":70,"column":27}},"13":{"start":{"line":25,"column":4},"end":{"line":69,"column":5}},"14":{"start":{"line":26,"column":6},"end":{"line":31,"column":7}},"15":{"start":{"line":27,"column":8},"end":{"line":27,"column":25}},"16":{"start":{"line":28,"column":8},"end":{"line":28,"column":23}},"17":{"start":{"line":30,"column":8},"end":{"line":30,"column":29}},"18":{"start":{"line":33,"column":21},"end":{"line":38,"column":7}},"19":{"start":{"line":40,"column":19},"end":{"line":40,"column":62}},"20":{"start":{"line":42,"column":6},"end":{"line":61,"column":7}},"21":{"start":{"line":43,"column":31},"end":{"line":46,"column":11}},"22":{"start":{"line":43,"column":60},"end":{"line":46,"column":9}},"23":{"start":{"line":48,"column":8},"end":{"line":52,"column":9}},"24":{"start":{"line":49,"column":10},"end":{"line":49,"column":42}},"25":{"start":{"line":51,"column":10},"end":{"line":51,"column":64}},"26":{"start":{"line":51,"column":34},"end":{"line":51,"column":62}},"27":{"start":{"line":54,"column":8},"end":{"line":54,"column":39}},"28":{"start":{"line":55,"column":8},"end":{"line":55,"column":25}},"29":{"start":{"line":57,"column":8},"end":{"line":59,"column":9}},"30":{"start":{"line":58,"column":10},"end":{"line":58,"column":30}},"31":{"start":{"line":60,"column":8},"end":{"line":60,"column":25}},"32":{"start":{"line":63,"column":6},"end":{"line":63,"column":60}},"33":{"start":{"line":64,"column":6},"end":{"line":64,"column":68}},"34":{"start":{"line":66,"column":6},"end":{"line":66,"column":24}},"35":{"start":{"line":67,"column":6},"end":{"line":67,"column":28}},"36":{"start":{"line":68,"column":6},"end":{"line":68,"column":27}},"37":{"start":{"line":72,"column":2},"end":{"line":74,"column":9}},"38":{"start":{"line":73,"column":4},"end":{"line":73,"column":24}},"39":{"start":{"line":76,"column":2},"end":{"line":80,"column":65}},"40":{"start":{"line":77,"column":4},"end":{"line":79,"column":5}},"41":{"start":{"line":78,"column":6},"end":{"line":78,"column":66}},"42":{"start":{"line":82,"column":24},"end":{"line":85,"column":25}},"43":{"start":{"line":83,"column":4},"end":{"line":83,"column":24}},"44":{"start":{"line":84,"column":4},"end":{"line":84,"column":25}},"45":{"start":{"line":87,"column":25},"end":{"line":90,"column":70}},"46":{"start":{"line":88,"column":4},"end":{"line":88,"column":65}},"47":{"start":{"line":88,"column":58},"end":{"line":88,"column":65}},"48":{"start":{"line":89,"column":4},"end":{"line":89,"column":32}},"49":{"start":{"line":92,"column":23},"end":{"line":94,"column":8}},"50":{"start":{"line":93,"column":4},"end":{"line":93,"column":24}},"51":{"start":{"line":96,"column":30},"end":{"line":98,"column":8}},"52":{"start":{"line":97,"column":4},"end":{"line":97,"column":22}},"53":{"start":{"line":100,"column":2},"end":{"line":116,"column":4}}},"fnMap":{"0":{"name":"(anonymous_0)","decl":{"start":{"line":6,"column":33},"end":{"line":6,"column":34}},"loc":{"start":{"line":6,"column":39},"end":{"line":117,"column":1}},"line":6},"1":{"name":"(anonymous_1)","decl":{"start":{"line":20,"column":40},"end":{"line":20,"column":41}},"loc":{"start":{"line":24,"column":7},"end":{"line":70,"column":3}},"line":24},"2":{"name":"(anonymous_2)","decl":{"start":{"line":43,"column":45},"end":{"line":43,"column":46}},"loc":{"start":{"line":43,"column":60},"end":{"line":46,"column":9}},"line":43},"3":{"name":"(anonymous_3)","decl":{"start":{"line":51,"column":26},"end":{"line":51,"column":27}},"loc":{"start":{"line":51,"column":34},"end":{"line":51,"column":62}},"line":51},"4":{"name":"(anonymous_4)","decl":{"start":{"line":72,"column":12},"end":{"line":72,"column":13}},"loc":{"start":{"line":72,"column":18},"end":{"line":74,"column":3}},"line":72},"5":{"name":"(anonymous_5)","decl":{"start":{"line":76,"column":12},"end":{"line":76,"column":13}},"loc":{"start":{"line":76,"column":18},"end":{"line":80,"column":3}},"line":76},"6":{"name":"(anonymous_6)","decl":{"start":{"line":82,"column":36},"end":{"line":82,"column":37}},"loc":{"start":{"line":82,"column":42},"end":{"line":85,"column":3}},"line":82},"7":{"name":"(anonymous_7)","decl":{"start":{"line":87,"column":37},"end":{"line":87,"column":38}},"loc":{"start":{"line":87,"column":43},"end":{"line":90,"column":3}},"line":87},"8":{"name":"(anonymous_8)","decl":{"start":{"line":92,"column":35},"end":{"line":92,"column":36}},"loc":{"start":{"line":92,"column":53},"end":{"line":94,"column":3}},"line":92},"9":{"name":"(anonymous_9)","decl":{"start":{"line":96,"column":42},"end":{"line":96,"column":43}},"loc":{"start":{"line":96,"column":61},"end":{"line":98,"column":3}},"line":96}},"branchMap":{"0":{"loc":{"start":{"line":21,"column":4},"end":{"line":21,"column":15}},"type":"default-arg","locations":[{"start":{"line":21,"column":14},"end":{"line":21,"column":15}}],"line":21},"1":{"loc":{"start":{"line":22,"column":4},"end":{"line":22,"column":28}},"type":"default-arg","locations":[{"start":{"line":22,"column":18},"end":{"line":22,"column":28}}],"line":22},"2":{"loc":{"start":{"line":23,"column":4},"end":{"line":23,"column":26}},"type":"default-arg","locations":[{"start":{"line":23,"column":19},"end":{"line":23,"column":26}}],"line":23},"3":{"loc":{"start":{"line":26,"column":6},"end":{"line":31,"column":7}},"type":"if","locations":[{"start":{"line":26,"column":6},"end":{"line":31,"column":7}},{"start":{"line":29,"column":13},"end":{"line":31,"column":7}}],"line":26},"4":{"loc":{"start":{"line":42,"column":6},"end":{"line":61,"column":7}},"type":"if","locations":[{"start":{"line":42,"column":6},"end":{"line":61,"column":7}},{"start":{"line":56,"column":13},"end":{"line":61,"column":7}}],"line":42},"5":{"loc":{"start":{"line":42,"column":10},"end":{"line":42,"column":27}},"type":"binary-expr","locations":[{"start":{"line":42,"column":10},"end":{"line":42,"column":14}},{"start":{"line":42,"column":18},"end":{"line":42,"column":27}}],"line":42},"6":{"loc":{"start":{"line":45,"column":14},"end":{"line":45,"column":31}},"type":"binary-expr","locations":[{"start":{"line":45,"column":14},"end":{"line":45,"column":20}},{"start":{"line":45,"column":24},"end":{"line":45,"column":31}}],"line":45},"7":{"loc":{"start":{"line":48,"column":8},"end":{"line":52,"column":9}},"type":"if","locations":[{"start":{"line":48,"column":8},"end":{"line":52,"column":9}},{"start":{"line":50,"column":15},"end":{"line":52,"column":9}}],"line":48},"8":{"loc":{"start":{"line":54,"column":22},"end":{"line":54,"column":37}},"type":"binary-expr","locations":[{"start":{"line":54,"column":22},"end":{"line":54,"column":32}},{"start":{"line":54,"column":36},"end":{"line":54,"column":37}}],"line":54},"9":{"loc":{"start":{"line":57,"column":8},"end":{"line":59,"column":9}},"type":"if","locations":[{"start":{"line":57,"column":8},"end":{"line":59,"column":9}},{"start":{},"end":{}}],"line":57},"10":{"loc":{"start":{"line":77,"column":4},"end":{"line":79,"column":5}},"type":"if","locations":[{"start":{"line":77,"column":4},"end":{"line":79,"column":5}},{"start":{},"end":{}}],"line":77},"11":{"loc":{"start":{"line":77,"column":8},"end":{"line":77,"column":75}},"type":"binary-expr","locations":[{"start":{"line":77,"column":8},"end":{"line":77,"column":41}},{"start":{"line":77,"column":45},"end":{"line":77,"column":75}}],"line":77},"12":{"loc":{"start":{"line":88,"column":4},"end":{"line":88,"column":65}},"type":"if","locations":[{"start":{"line":88,"column":4},"end":{"line":88,"column":65}},{"start":{},"end":{}}],"line":88},"13":{"loc":{"start":{"line":88,"column":8},"end":{"line":88,"column":56}},"type":"binary-expr","locations":[{"start":{"line":88,"column":8},"end":{"line":88,"column":19}},{"start":{"line":88,"column":23},"end":{"line":88,"column":56}}],"line":88}},"s":{"0":0,"1":0,"2":0,"3":0,"4":0,"5":0,"6":0,"7":0,"8":0,"9":0,"10":0,"11":0,"12":0,"13":0,"14":0,"15":0,"16":0,"17":0,"18":0,"19":0,"20":0,"21":0,"22":0,"23":0,"24":0,"25":0,"26":0,"27":0,"28":0,"29":0,"30":0,"31":0,"32":0,"33":0,"34":0,"35":0,"36":0,"37":0,"38":0,"39":0,"40":0,"41":0,"42":0,"43":0,"44":0,"45":0,"46":0,"47":0,"48":0,"49":0,"50":0,"51":0,"52":0,"53":0},"f":{"0":0,"1":0,"2":0,"3":0,"4":0,"5":0,"6":0,"7":0,"8":0,"9":0},"b":{"0":[0],"1":[0],"2":[0],"3":[0,0],"4":[0,0],"5":[0,0],"6":[0,0],"7":[0,0],"8":[0,0],"9":[0,0],"10":[0,0],"11":[0,0],"12":[0,0],"13":[0,0]}}
,"/Users/Henrique/Desktop/Pessoal/UniversityExplorer/src/navigation/AppNavigator.tsx": {"path":"/Users/Henrique/Desktop/Pessoal/UniversityExplorer/src/navigation/AppNavigator.tsx","statementMap":{"0":{"start":{"line":16,"column":14},"end":{"line":16,"column":56}},"1":{"start":{"line":18,"column":38},"end":{"line":28,"column":1}},"2":{"start":{"line":19,"column":2},"end":{"line":27,"column":4}}},"fnMap":{"0":{"name":"(anonymous_0)","decl":{"start":{"line":18,"column":38},"end":{"line":18,"column":39}},"loc":{"start":{"line":18,"column":44},"end":{"line":28,"column":1}},"line":18}},"branchMap":{},"s":{"0":0,"1":0,"2":0},"f":{"0":0},"b":{}}
,"/Users/Henrique/Desktop/Pessoal/UniversityExplorer/src/navigation/MainTabNavigator.tsx": {"path":"/Users/Henrique/Desktop/Pessoal/UniversityExplorer/src/navigation/MainTabNavigator.tsx","statementMap":{"0":{"start":{"line":11,"column":12},"end":{"line":11,"column":56}},"1":{"start":{"line":13,"column":42},"end":{"line":62,"column":1}},"2":{"start":{"line":14,"column":2},"end":{"line":61,"column":4}},"3":{"start":{"line":36,"column":12},"end":{"line":36,"column":72}},"4":{"start":{"line":46,"column":12},"end":{"line":46,"column":71}},"5":{"start":{"line":56,"column":12},"end":{"line":56,"column":74}}},"fnMap":{"0":{"name":"(anonymous_0)","decl":{"start":{"line":13,"column":42},"end":{"line":13,"column":43}},"loc":{"start":{"line":13,"column":48},"end":{"line":62,"column":1}},"line":13},"1":{"name":"(anonymous_1)","decl":{"start":{"line":35,"column":22},"end":{"line":35,"column":23}},"loc":{"start":{"line":36,"column":12},"end":{"line":36,"column":72}},"line":36},"2":{"name":"(anonymous_2)","decl":{"start":{"line":45,"column":22},"end":{"line":45,"column":23}},"loc":{"start":{"line":46,"column":12},"end":{"line":46,"column":71}},"line":46},"3":{"name":"(anonymous_3)","decl":{"start":{"line":55,"column":22},"end":{"line":55,"column":23}},"loc":{"start":{"line":56,"column":12},"end":{"line":56,"column":74}},"line":56}},"branchMap":{},"s":{"0":0,"1":0,"2":0,"3":0,"4":0,"5":0},"f":{"0":0,"1":0,"2":0,"3":0},"b":{}}
,"/Users/Henrique/Desktop/Pessoal/UniversityExplorer/src/navigation/UniversityStackNavigator.tsx": {"path":"/Users/Henrique/Desktop/Pessoal/UniversityExplorer/src/navigation/UniversityStackNavigator.tsx","statementMap":{"0":{"start":{"line":12,"column":14},"end":{"line":12,"column":62}},"1":{"start":{"line":14,"column":50},"end":{"line":42,"column":1}},"2":{"start":{"line":15,"column":2},"end":{"line":41,"column":4}},"3":{"start":{"line":36,"column":33},"end":{"line":38,"column":9}}},"fnMap":{"0":{"name":"(anonymous_0)","decl":{"start":{"line":14,"column":50},"end":{"line":14,"column":51}},"loc":{"start":{"line":14,"column":56},"end":{"line":42,"column":1}},"line":14},"1":{"name":"(anonymous_1)","decl":{"start":{"line":36,"column":17},"end":{"line":36,"column":18}},"loc":{"start":{"line":36,"column":33},"end":{"line":38,"column":9}},"line":36}},"branchMap":{},"s":{"0":0,"1":0,"2":0,"3":0},"f":{"0":0,"1":0},"b":{}}
,"/Users/Henrique/Desktop/Pessoal/UniversityExplorer/src/screens/favorites/index.tsx": {"path":"/Users/Henrique/Desktop/Pessoal/UniversityExplorer/src/screens/favorites/index.tsx","statementMap":{"0":{"start":{"line":11,"column":41},"end":{"line":39,"column":1}},"1":{"start":{"line":12,"column":56},"end":{"line":12,"column":74}},"2":{"start":{"line":14,"column":24},"end":{"line":29,"column":3}},"3":{"start":{"line":15,"column":4},"end":{"line":17,"column":5}},"4":{"start":{"line":16,"column":6},"end":{"line":16,"column":30}},"5":{"start":{"line":19,"column":4},"end":{"line":21,"column":5}},"6":{"start":{"line":20,"column":6},"end":{"line":20,"column":28}},"7":{"start":{"line":23,"column":4},"end":{"line":28,"column":6}},"8":{"start":{"line":31,"column":2},"end":{"line":38,"column":4}},"9":{"start":{"line":41,"column":15},"end":{"line":57,"column":2}}},"fnMap":{"0":{"name":"(anonymous_0)","decl":{"start":{"line":11,"column":41},"end":{"line":11,"column":42}},"loc":{"start":{"line":11,"column":47},"end":{"line":39,"column":1}},"line":11},"1":{"name":"(anonymous_1)","decl":{"start":{"line":14,"column":24},"end":{"line":14,"column":25}},"loc":{"start":{"line":14,"column":30},"end":{"line":29,"column":3}},"line":14}},"branchMap":{"0":{"loc":{"start":{"line":15,"column":4},"end":{"line":17,"column":5}},"type":"if","locations":[{"start":{"line":15,"column":4},"end":{"line":17,"column":5}},{"start":{},"end":{}}],"line":15},"1":{"loc":{"start":{"line":19,"column":4},"end":{"line":21,"column":5}},"type":"if","locations":[{"start":{"line":19,"column":4},"end":{"line":21,"column":5}},{"start":{},"end":{}}],"line":19},"2":{"loc":{"start":{"line":19,"column":8},"end":{"line":19,"column":44}},"type":"binary-expr","locations":[{"start":{"line":19,"column":8},"end":{"line":19,"column":18}},{"start":{"line":19,"column":22},"end":{"line":19,"column":44}}],"line":19}},"s":{"0":0,"1":0,"2":0,"3":0,"4":0,"5":0,"6":0,"7":0,"8":0,"9":0},"f":{"0":0,"1":0},"b":{"0":[0,0],"1":[0,0],"2":[0,0]}}
[...]
olumn":52},"end":{"line":205,"column":1}},"line":29},"1":{"name":"(anonymous_1)","decl":{"start":{"line":56,"column":40},"end":{"line":56,"column":41}},"loc":{"start":{"line":56,"column":46},"end":{"line":58,"column":3}},"line":56},"2":{"name":"(anonymous_2)","decl":{"start":{"line":60,"column":42},"end":{"line":60,"column":43}},"loc":{"start":{"line":60,"column":48},"end":{"line":63,"column":3}},"line":60},"3":{"name":"(anonymous_3)","decl":{"start":{"line":61,"column":22},"end":{"line":61,"column":23}},"loc":{"start":{"line":61,"column":30},"end":{"line":61,"column":35}},"line":61},"4":{"name":"(anonymous_4)","decl":{"start":{"line":65,"column":44},"end":{"line":65,"column":45}},"loc":{"start":{"line":65,"column":50},"end":{"line":68,"column":3}},"line":65},"5":{"name":"(anonymous_5)","decl":{"start":{"line":70,"column":42},"end":{"line":70,"column":43}},"loc":{"start":{"line":70,"column":76},"end":{"line":76,"column":3}},"line":70},"6":{"name":"(anonymous_6)","decl":{"start":{"line":78,"column":40},"end":{"line":78,"column":41}},"loc":{"start":{"line":78,"column":46},"end":{"line":80,"column":3}},"line":78},"7":{"name":"(anonymous_7)","decl":{"start":{"line":82,"column":35},"end":{"line":82,"column":36}},"loc":{"start":{"line":82,"column":61},"end":{"line":85,"column":3}},"line":82},"8":{"name":"(anonymous_8)","decl":{"start":{"line":87,"column":44},"end":{"line":87,"column":45}},"loc":{"start":{"line":87,"column":60},"end":{"line":89,"column":3}},"line":87},"9":{"name":"(anonymous_9)","decl":{"start":{"line":91,"column":28},"end":{"line":91,"column":29}},"loc":{"start":{"line":91,"column":34},"end":{"line":102,"column":3}},"line":91},"10":{"name":"(anonymous_10)","decl":{"start":{"line":104,"column":35},"end":{"line":104,"column":36}},"loc":{"start":{"line":104,"column":41},"end":{"line":112,"column":3}},"line":104},"11":{"name":"(anonymous_11)","decl":{"start":{"line":153,"column":22},"end":{"line":153,"column":23}},"loc":{"start":{"line":154,"column":12},"end":{"line":158,"column":14}},"line":154},"12":{"name":"(anonymous_12)","decl":{"start":{"line":160,"column":24},"end":{"line":160,"column":25}},"loc":{"start":{"line":160,"column":34},"end":{"line":160,"column":53}},"line":160}},"branchMap":{"0":{"loc":{"start":{"line":92,"column":4},"end":{"line":92,"column":58}},"type":"if","locations":[{"start":{"line":92,"column":4},"end":{"line":92,"column":58}},{"start":{},"end":{}}],"line":92},"1":{"loc":{"start":{"line":92,"column":8},"end":{"line":92,"column":44}},"type":"binary-expr","locations":[{"start":{"line":92,"column":8},"end":{"line":92,"column":15}},{"start":{"line":92,"column":19},"end":{"line":92,"column":44}}],"line":92},"2":{"loc":{"start":{"line":97,"column":24},"end":{"line":97,"column":98}},"type":"cond-expr","locations":[{"start":{"line":97,"column":43},"end":{"line":97,"column":68}},{"start":{"line":97,"column":71},"end":{"line":97,"column":98}}],"line":97},"3":{"loc":{"start":{"line":98,"column":11},"end":{"line":98,"column":46}},"type":"cond-expr","locations":[{"start":{"line":98,"column":22},"end":{"line":98,"column":41}},{"start":{"line":98,"column":44},"end":{"line":98,"column":46}}],"line":98},"4":{"loc":{"start":{"line":105,"column":4},"end":{"line":105,"column":34}},"type":"if","locations":[{"start":{"line":105,"column":4},"end":{"line":105,"column":34}},{"start":{},"end":{}}],"line":105},"5":{"loc":{"start":{"line":133,"column":9},"end":{"line":139,"column":9}},"type":"binary-expr","locations":[{"start":{"line":133,"column":9},"end":{"line":133,"column":23}},{"start":{"line":134,"column":10},"end":{"line":138,"column":12}}],"line":133},"6":{"loc":{"start":{"line":144,"column":7},"end":{"line":185,"column":7}},"type":"cond-expr","locations":[{"start":{"line":145,"column":8},"end":{"line":148,"column":15}},{"start":{"line":150,"column":8},"end":{"line":184,"column":10}}],"line":144},"7":{"loc":{"start":{"line":144,"column":7},"end":{"line":144,"column":43}},"type":"binary-expr","locations":[{"start":{"line":144,"column":7},"end":{"line":144,"column":14}},{"start":{"line":144,"column":18},"end":{"line":144,"column":43}}],"line":144},"8":{"loc":{"start":{"line":156,"column":37},"end":{"line":156,"column":56}},"type":"binary-expr","locations":[{"start":{"line":156,"column":37},"end":{"line":156,"column":44}},{"start":{"line":156,"column":48},"end":{"line":156,"column":56}}],"line":156},"9":{"loc":{"start":{"line":160,"column":34},"end":{"line":160,"column":53}},"type":"binary-expr","locations":[{"start":{"line":160,"column":34},"end":{"line":160,"column":41}},{"start":{"line":160,"column":45},"end":{"line":160,"column":53}}],"line":160},"10":{"loc":{"start":{"line":163,"column":12},"end":{"line":163,"column":57}},"type":"binary-expr","locations":[{"start":{"line":163,"column":12},"end":{"line":163,"column":37}},{"start":{"line":163,"column":41},"end":{"line":163,"column":57}}],"line":163},"11":{"loc":{"start":{"line":187,"column":7},"end":{"line":196,"column":7}},"type":"binary-expr","locations":[{"start":{"line":187,"column":7},"end":{"line":187,"column":20}},{"start":{"line":188,"column":8},"end":{"line":195,"column":27}}],"line":187}},"s":{"0":0,"1":0,"2":0,"3":0,"4":0,"5":0,"6":0,"7":0,"8":0,"9":0,"10":0,"11":0,"12":0,"13":0,"14":0,"15":0,"16":0,"17":0,"18":0,"19":0,"20":0,"21":0,"22":0,"23":0,"24":0,"25":0,"26":0,"27":0,"28":0,"29":0,"30":0,"31":0,"32":0,"33":0,"34":0,"35":0,"36":0,"37":0,"38":0,"39":0,"40":0,"41":0,"42":0},"f":{"0":0,"1":0,"2":0,"3":0,"4":0,"5":0,"6":0,"7":0,"8":0,"9":0,"10":0,"11":0,"12":0},"b":{"0":[0,0],"1":[0,0],"2":[0,0],"3":[0,0],"4":[0,0],"5":[0,0],"6":[0,0],"7":[0,0],"8":[0,0],"9":[0,0],"10":[0,0],"11":[0,0]}}
,"/Users/Henrique/Desktop/Pessoal/UniversityExplorer/src/screens/universityDetail/index.tsx": {"path":"/Users/Henrique/Desktop/Pessoal/UniversityExplorer/src/screens/universityDetail/index.tsx","statementMap":{"0":{"start":{"line":19,"column":48},"end":{"line":72,"column":1}},"1":{"start":{"line":20,"column":16},"end":{"line":20,"column":54}},"2":{"start":{"line":21,"column":21},"end":{"line":21,"column":36}},"3":{"start":{"line":22,"column":17},"end":{"line":22,"column":29}},"4":{"start":{"line":31,"column":6},"end":{"line":31,"column":29}},"5":{"start":{"line":33,"column":2},"end":{"line":48,"column":48}},"6":{"start":{"line":34,"column":4},"end":{"line":47,"column":7}},"7":{"start":{"line":36,"column":8},"end":{"line":45,"column":27}},"8":{"start":{"line":50,"column":2},"end":{"line":52,"column":3}},"9":{"start":{"line":51,"column":4},"end":{"line":51,"column":28}},"10":{"start":{"line":54,"column":2},"end":{"line":56,"column":3}},"11":{"start":{"line":55,"column":4},"end":{"line":55,"column":79}},"12":{"start":{"line":58,"column":2},"end":{"line":71,"column":4}},"13":{"start":{"line":74,"column":15},"end":{"line":86,"column":2}}},"fnMap":{"0":{"name":"(anonymous_0)","decl":{"start":{"line":19,"column":48},"end":{"line":19,"column":49}},"loc":{"start":{"line":19,"column":54},"end":{"line":72,"column":1}},"line":19},"1":{"name":"(anonymous_1)","decl":{"start":{"line":33,"column":24},"end":{"line":33,"column":25}},"loc":{"start":{"line":33,"column":30},"end":{"line":48,"column":3}},"line":33},"2":{"name":"(anonymous_2)","decl":{"start":{"line":35,"column":19},"end":{"line":35,"column":20}},"loc":{"start":{"line":36,"column":8},"end":{"line":45,"column":27}},"line":36}},"branchMap":{"0":{"loc":{"start":{"line":41,"column":18},"end":{"line":41,"column":57}},"type":"cond-expr","locations":[{"start":{"line":41,"column":32},"end":{"line":41,"column":39}},{"start":{"line":41,"column":42},"end":{"line":41,"column":57}}],"line":41},"1":{"loc":{"start":{"line":43,"column":19},"end":{"line":43,"column":61}},"type":"cond-expr","locations":[{"start":{"line":43,"column":33},"end":{"line":43,"column":46}},{"start":{"line":43,"column":49},"end":{"line":43,"column":61}}],"line":43},"2":{"loc":{"start":{"line":50,"column":2},"end":{"line":52,"column":3}},"type":"if","locations":[{"start":{"line":50,"column":2},"end":{"line":52,"column":3}},{"start":{},"end":{}}],"line":50},"3":{"loc":{"start":{"line":54,"column":2},"end":{"line":56,"column":3}},"type":"if","locations":[{"start":{"line":54,"column":2},"end":{"line":56,"column":3}},{"start":{},"end":{}}],"line":54},"4":{"loc":{"start":{"line":54,"column":6},"end":{"line":54,"column":26}},"type":"binary-expr","locations":[{"start":{"line":54,"column":6},"end":{"line":54,"column":11}},{"start":{"line":54,"column":15},"end":{"line":54,"column":26}}],"line":54},"5":{"loc":{"start":{"line":55,"column":37},"end":{"line":55,"column":48}},"type":"binary-expr","locations":[{"start":{"line":55,"column":37},"end":{"line":55,"column":42}},{"start":{"line":55,"column":46},"end":{"line":55,"column":48}}],"line":55}},"s":{"0":0,"1":0,"2":0,"3":0,"4":0,"5":0,"6":0,"7":0,"8":0,"9":0,"10":0,"11":0,"12":0,"13":0},"f":{"0":0,"1":0,"2":0},"b":{"0":[0,0],"1":[0,0],"2":[0,0],"3":[0,0],"4":[0,0],"5":[0,0]}}
,"/Users/Henrique/Desktop/Pessoal/UniversityExplorer/src/store/favoritesStore.ts": {"path":"/Users/Henrique/Desktop/Pessoal/UniversityExplorer/src/store/favoritesStore.ts","statementMap":{"0":{"start":{"line":5,"column":22},"end":{"line":5,"column":54}},"1":{"start":{"line":16,"column":20},"end":{"line":22,"column":1}},"2":{"start":{"line":17,"column":31},"end":{"line":20,"column":3}},"3":{"start":{"line":21,"column":2},"end":{"line":21,"column":30}},"4":{"start":{"line":24,"column":33},"end":{"line":87,"column":3}},"5":{"start":{"line":24,"column":71},"end":{"line":87,"column":1}},"6":{"start":{"line":29,"column":4},"end":{"line":48,"column":5}},"7":{"start":{"line":30,"column":6},"end":{"line":30,"column":29}},"8":{"start":{"line":31,"column":30},"end":{"line":31,"column":71}},"9":{"start":{"line":32,"column":6},"end":{"line":44,"column":7}},"10":{"start":{"line":33,"column":32},"end":{"line":33,"column":59}},"11":{"start":{"line":34,"column":36},"end":{"line":34,"column":68}},"12":{"start":{"line":36,"column":26},"end":{"line":36,"column":35}},"13":{"start":{"line":37,"column":8},"end":{"line":39,"column":11}},"14":{"start":{"line":38,"column":10},"end":{"line":38,"column":37}},"15":{"start":{"line":41,"column":8},"end":{"line":41,"column":75}},"16":{"start":{"line":43,"column":8},"end":{"line":43,"column":47}},"17":{"start":{"line":46,"column":6},"end":{"line":46,"column":55}},"18":{"start":{"line":47,"column":6},"end":{"line":47,"column":45}},"19":{"start":{"line":52,"column":4},"end":{"line":64,"column":5}},"20":{"start":{"line":53,"column":35},"end":{"line":53,"column":58}},"21":{"start":{"line":54,"column":31},"end":{"line":54,"column":46}},"22":{"start":{"line":56,"column":21},"end":{"line":56,"column":85}},"23":{"start":{"line":56,"column":50},"end":{"line":56,"column":84}},"24":{"start":{"line":57,"column":6},"end":{"line":57,"column":25}},"25":{"start":{"line":57,"column":18},"end":{"line":57,"column":25}},"26":{"start":{"line":59,"column":31},"end":{"line":59,"column":74}},"27":{"start":{"line":60,"column":6},"end":{"line":60,"column":43}},"28":{"start":{"line":61,"column":6},"end":{"line":61,"column":82}},"29":{"start":{"line":63,"column":6},"end":{"line":63,"column":53}},"30":{"start":{"line":68,"column":4},"end":{"line":77,"column":5}},"31":{"start":{"line":69,"column":31},"end":{"line":72,"column":8}},"32":{"start":{"line":70,"column":22},"end":{"line":70,"column":39}},"33":{"start":{"line":71,"column":8},"end":{"line":71,"column":38}},"34":{"start":{"line":73,"column":6},"end":{"line":73,"column":43}},"35":{"start":{"line":74,"column":6},"end":{"line":74,"column":82}},"36":{"start":{"line":76,"column":6},"end":{"line":76,"column":55}},"37":{"start":{"line":81,"column":4},"end":{"line":81,"column":36}},"38":{"start":{"line":81,"column":23},"end":{"line":81,"column":36}},"39":{"start":{"line":82,"column":4},"end":{"line":85,"column":7}},"40":{"start":{"line":83,"column":20},"end":{"line":83,"column":37}},"41":{"start":{"line":84,"column":6},"end":{"line":84,"column":36}}},"fnMap":{"0":{"name":"(anonymous_0)","decl":{"start":{"line":16,"column":20},"end":{"line":16,"column":21}},"loc":{"start":{"line":16,"column":53},"end":{"line":22,"column":1}},"line":16},"1":{"name":"(anonymous_1)","decl":{"start":{"line":24,"column":56},"end":{"line":24,"column":57}},"loc":{"start":{"line":24,"column":71},"end":{"line":87,"column":1}},"line":24},"2":{"name":"(anonymous_2)","decl":{"start":{"line":28,"column":17},"end":{"line":28,"column":18}},"loc":{"start":{"line":28,"column":29},"end":{"line":49,"column":3}},"line":28},"3":{"name":"(anonymous_3)","decl":{"start":{"line":37,"column":36},"end":{"line":37,"column":37}},"loc":{"start":{"line":37,"column":59},"end":{"line":39,"column":9}},"line":37},"4":{"name":"(anonymous_4)","decl":{"start":{"line":51,"column":15},"end":{"line":51,"column":16}},"loc":{"start":{"line":51,"column":49},"end":{"line":65,"column":3}},"line":51},"5":{"name":"(anonymous_5)","decl":{"start":{"line":56,"column":43},"end":{"line":56,"column":44}},"loc":{"start":{"line":56,"column":50},"end":{"line":56,"column":84}},"line":56},"6":{"name":"(anonymous_6)","decl":{"start":{"line":67,"column":18},"end":{"line":67,"column":19}},"loc":{"start":{"line":67,"column":50},"end":{"line":78,"column":3}},"line":67},"7":{"name":"(anonymous_7)","decl":{"start":{"line":69,"column":54},"end":{"line":69,"column":55}},"loc":{"start":{"line":69,"column":63},"end":{"line":72,"column":7}},"line":69},"8":{"name":"(anonymous_8)","decl":{"start":{"line":80,"column":14},"end":{"line":80,"column":15}},"loc":{"start":{"line":80,"column":49},"end":{"line":86,"column":3}},"line":80},"9":{"name":"(anonymous_9)","decl":{"start":{"line":82,"column":32},"end":{"line":82,"column":33}},"loc":{"start":{"line":82,"column":39},"end":{"line":85,"column":5}},"line":82}},"branchMap":{"0":{"loc":{"start":{"line":19,"column":8},"end":{"line":19,"column":39}},"type":"binary-expr","locations":[{"start":{"line":19,"column":8},"end":{"line":19,"column":21}},{"start":{"line":19,"column":25},"end":{"line":19,"column":39}}],"line":19},"1":{"loc":{"start":{"line":32,"column":6},"end":{"line":44,"column":7}},"type":"if","locations":[{"start":{"line":32,"column":6},"end":{"line":44,"column":7}},{"start":{"line":42,"column":13},"end":{"line":44,"column":7}}],"line":32},"2":{"loc":{"start":{"line":57,"column":6},"end":{"line":57,"column":25}},"type":"if","locations":[{"start":{"line":57,"column":6},"end":{"line":57,"column":25}},{"start":{},"end":{}}],"line":57},"3":{"loc":{"start":{"line":70,"column":22},"end":{"line":70,"column":39}},"type":"binary-expr","locations":[{"start":{"line":70,"column":22},"end":{"line":70,"column":28}},{"start":{"line":70,"column":32},"end":{"line":70,"column":39}}],"line":70},"4":{"loc":{"start":{"line":81,"column":4},"end":{"line":81,"column":36}},"type":"if","locations":[{"start":{"line":81,"column":4},"end":{"line":81,"column":36}},{"start":{},"end":{}}],"line":81},"5":{"loc":{"start":{"line":83,"column":20},"end":{"line":83,"column":37}},"type":"binary-expr","locations":[{"start":{"line":83,"column":20},"end":{"line":83,"column":26}},{"start":{"line":83,"column":30},"end":{"line":83,"column":37}}],"line":83}},"s":{"0":0,"1":0,"2":0,"3":0,"4":0,"5":0,"6":0,"7":0,"8":0,"9":0,"10":0,"11":0,"12":0,"13":0,"14":0,"15":0,"16":0,"17":0,"18":0,"19":0,"20":0,"21":0,"22":0,"23":0,"24":0,"25":0,"26":0,"27":0,"28":0,"29":0,"30":0,"31":0,"32":0,"33":0,"34":0,"35":0,"36":0,"37":0,"38":0,"39":0,"40":0,"41":0},"f":{"0":0,"1":0,"2":0,"3":0,"4":0,"5":0,"6":0,"7":0,"8":0,"9":0},"b":{"0":[0,0],"1":[0,0],"2":[0,0],"3":[0,0],"4":[0,0],"5":[0,0]}}
,"/Users/Henrique/Desktop/Pessoal/UniversityExplorer/src/types/navigation.types.ts": {"path":"/Users/Henrique/Desktop/Pessoal/UniversityExplorer/src/types/navigation.types.ts","statementMap":{},"fnMap":{},"branchMap":{},"s":{},"f":{},"b":{}}
,"/Users/Henrique/Desktop/Pessoal/UniversityExplorer/src/types/university.types.ts": {"path":"/Users/Henrique/Desktop/Pessoal/UniversityExplorer/src/types/university.types.ts","statementMap":{},"fnMap":{},"branchMap":{},"s":{},"f":{},"b":{}}
,"/Users/Henrique/Desktop/Pessoal/UniversityExplorer/src/utils/helpers.ts": {"path":"/Users/Henrique/Desktop/Pessoal/UniversityExplorer/src/utils/helpers.ts","statementMap":{"0":{"start":{"line":3,"column":28},"end":{"line":24,"column":1}},"1":{"start":{"line":4,"column":2},"end":{"line":4,"column":38}},"2":{"start":{"line":4,"column":26},"end":{"line":4,"column":38}},"3":{"start":{"line":6,"column":20},"end":{"line":6,"column":37}},"4":{"start":{"line":8,"column":2},"end":{"line":13,"column":3}},"5":{"start":{"line":9,"column":4},"end":{"line":9,"column":51}},"6":{"start":{"line":11,"column":7},"end":{"line":13,"column":3}},"7":{"start":{"line":12,"column":4},"end":{"line":12,"column":36}},"8":{"start":{"line":15,"column":2},"end":{"line":21,"column":3}},"9":{"start":{"line":16,"column":23},"end":{"line":19,"column":47}},"10":{"start":{"line":19,"column":19},"end":{"line":19,"column":46}},"11":{"start":{"line":20,"column":4},"end":{"line":20,"column":47}},"12":{"start":{"line":23,"column":2},"end":{"line":23,"column":14}},"13":{"start":{"line":26,"column":27},"end":{"line":35,"column":1}},"14":{"start":{"line":27,"column":22},"end":{"line":27,"column":45}},"15":{"start":{"line":28,"column":18},"end":{"line":28,"column":47}},"16":{"start":{"line":30,"column":2},"end":{"line":33,"column":3}},"17":{"start":{"line":31,"column":4},"end":{"line":31,"column":31}},"18":{"start":{"line":32,"column":4},"end":{"line":32,"column":16}},"19":{"start":{"line":34,"column":2},"end":{"line":34,"column":15}}},"fnMap":{"0":{"name":"(anonymous_0)","decl":{"start":{"line":3,"column":28},"end":{"line":3,"column":29}},"loc":{"start":{"line":3,"column":67},"end":{"line":24,"column":1}},"line":3},"1":{"name":"(anonymous_1)","decl":{"start":{"line":19,"column":11},"end":{"line":19,"column":12}},"loc":{"start":{"line":19,"column":19},"end":{"line":19,"column":46}},"line":19},"2":{"name":"(anonymous_2)","decl":{"start":{"line":26,"column":27},"end":{"line":26,"column":28}},"loc":{"start":{"line":26,"column":68},"end":{"line":35,"column":1}},"line":26}},"branchMap":{"0":{"loc":{"start":{"line":4,"column":2},"end":{"line":4,"column":38}},"type":"if","locations":[{"start":{"line":4,"column":2},"end":{"line":4,"column":38}},{"start":{},"end":{}}],"line":4},"1":{"loc":{"start":{"line":8,"column":2},"end":{"line":13,"column":3}},"type":"if","locations":[{"start":{"line":8,"column":2},"end":{"line":13,"column":3}},{"start":{"line":11,"column":7},"end":{"line":13,"column":3}}],"line":8},"2":{"loc":{"start":{"line":8,"column":6},"end":{"line":8,"column":70}},"type":"binary-expr","locations":[{"start":{"line":8,"column":6},"end":{"line":8,"column":34}},{"start":{"line":8,"column":38},"end":{"line":8,"column":70}}],"line":8},"3":{"loc":{"start":{"line":11,"column":7},"end":{"line":13,"column":3}},"type":"if","locations":[{"start":{"line":11,"column":7},"end":{"line":13,"column":3}},{"start":{},"end":{}}],"line":11},"4":{"loc":{"start":{"line":15,"column":2},"end":{"line":21,"column":3}},"type":"if","locations":[{"start":{"line":15,"column":2},"end":{"line":21,"column":3}},{"start":{},"end":{}}],"line":15},"5":{"loc":{"start":{"line":15,"column":6},"end":{"line":15,"column":45}},"type":"binary-expr","locations":[{"start":{"line":15,"column":6},"end":{"line":15,"column":17}},{"start":{"line":15,"column":21},"end":{"line":15,"column":45}}],"line":15},"6":{"loc":{"start":{"line":30,"column":2},"end":{"line":33,"column":3}},"type":"if","locations":[{"start":{"line":30,"column":2},"end":{"line":33,"column":3}},{"start":{},"end":{}}],"line":30}},"s":{"0":1,"1":5,"2":2,"3":3,"4":3,"5":0,"6":3,"7":3,"8":3,"9":3,"10":6,"11":3,"12":0,"13":1,"14":0,"15":0,"16":0,"17":0,"18":0,"19":0},"f":{"0":5,"1":6,"2":0},"b":{"0":[2,3],"1":[0,3],"2":[3,0],"3":[3,0],"4":[3,0],"5":[3,3],"6":[0,0]},"_coverageSchema":"1a1c01bbd47fc00a2c39e90264f33305004495a9","hash":"e931810ce645fa3f7e03bdd1ad44518e64aec495"}
}
